[2024-10-16 15:23:47] production.ERROR: Payrexx PHP: Configuration is wrong! Check instance name and API secret {"userId":163,"exception":"[object] (Exception(code: 0): Payrexx PHP: Configuration is wrong! Check instance name and API secret at /home2/oohapp/public_html/modules/Booking/Gateways/PayrexxGateway.php:171)
[stacktrace]
#0 /home2/oohapp/public_html/modules/Booking/Gateways/PayrexxGateway.php(83): Modules\\Booking\\Gateways\\PayrexxGateway->payment(Object(Modules\\Booking\\Models\\Booking), Object(Illuminate\\Http\\Request))
#1 /home2/oohapp/public_html/modules/Booking/Controllers/BookingController.php(370): Modules\\Booking\\Gateways\\PayrexxGateway->process(Object(Illuminate\\Http\\Request), Object(Modules\\Booking\\Models\\Booking), Object(Modules\\Space\\Models\\Space))
#2 /home2/oohapp/public_html/vendor/laravel/framework/src/Illuminate/Routing/Controller.php(54): Modules\\Booking\\Controllers\\BookingController->doCheckout(Object(Illuminate\\Http\\Request))
#3 /home2/oohapp/public_html/vendor/laravel/framework/src/Illuminate/Routing/ControllerDispatcher.php(43): Illuminate\\Routing\\Controller->callAction('doCheckout', Array)
#4 /home2/oohapp/public_html/vendor/laravel/framework/src/Illuminate/Routing/Route.php(259): Illuminate\\Routing\\ControllerDispatcher->dispatch(Object(Illuminate\\Routing\\Route), Object(Modules\\Booking\\Controllers\\BookingController), 'doCheckout')
#5 /home2/oohapp/public_html/vendor/laravel/framework/src/Illuminate/Routing/Route.php(205): Illuminate\\Routing\\Route->runController()
#6 /home2/oohapp/public_html/vendor/laravel/framework/src/Illuminate/Routing/Router.php(798): Illuminate\\Routing\\Route->run()
#7 /home2/oohapp/public_html/vendor/laravel/framework/src/Illuminate/Pipeline/Pipeline.php(141): Illuminate\\Routing\\Router->Illuminate\\Routing\\{closure}(Object(Illuminate\\Http\\Request))
#8 /home2/oohapp/public_html/app/Http/Middleware/RequireChangePassword.php(41): Illuminate\\Pipeline\\Pipeline->Illuminate\\Pipeline\\{closure}(Object(Illuminate\\Http\\Request))
#9 /home2/oohapp/public_html/vendor/laravel/framework/src/Illuminate/Pipeline/Pipeline.php(180): App\\Http\\Middleware\\RequireChangePassword->handle(Object(Illuminate\\Http\\Request), Object(Closure))
#10 /home2/oohapp/public_html/app/Http/Middleware/SetLanguageForAdmin.php(37): Illuminate\\Pipeline\\Pipeline->Illuminate\\Pipeline\\{closure}(Object(Illuminate\\Http\\Request))
#11 /home2/oohapp/public_html/vendor/laravel/framework/src/Illuminate/Pipeline/Pipeline.php(180): App\\Http\\Middleware\\SetLanguageForAdmin->handle(Object(Illuminate\\Http\\Request), Object(Closure))
#12 /home2/oohapp/public_html/app/Http/Middleware/SetCurrentCurrency.php(48): Illuminate\\Pipeline\\Pipeline->Illuminate\\Pipeline\\{closure}(Object(Illuminate\\Http\\Request))
#13 /home2/oohapp/public_html/vendor/laravel/framework/src/Illuminate/Pipeline/Pipeline.php(180): App\\Http\\Middleware\\SetCurrentCurrency->handle(Object(Illuminate\\Http\\Request), Object(Closure))
#14 /home2/oohapp/public_html/app/Http/Middleware/HideDebugbar.php(32): Illuminate\\Pipeline\\Pipeline->Illuminate\\Pipeline\\{closure}(Object(Illuminate\\Http\\Request))
#15 /home2/oohapp/public_html/vendor/laravel/framework/src/Illuminate/Pipeline/Pipeline.php(180): App\\Http\\Middleware\\HideDebugbar->handle(Object(Illuminate\\Http\\Request), Object(Closure))
#16 /home2/oohapp/public_html/app/Http/Middleware/RedirectForMultiLanguage.php(58): Illuminate\\Pipeline\\Pipeline->Illuminate\\Pipeline\\{closure}(Object(Illuminate\\Http\\Request))
#17 /home2/oohapp/public_html/vendor/laravel/framework/src/Illuminate/Pipeline/Pipeline.php(180): App\\Http\\Middleware\\RedirectForMultiLanguage->handle(Object(Illuminate\\Http\\Request), Object(Closure))
#18 /home2/oohapp/public_html/vendor/laravel/framework/src/Illuminate/Routing/Middleware/SubstituteBindings.php(50): Illuminate\\Pipeline\\Pipeline->Illuminate\\Pipeline\\{closure}(Object(Illuminate\\Http\\Request))
#19 /home2/oohapp/public_html/vendor/laravel/framework/src/Illuminate/Pipeline/Pipeline.php(180): Illuminate\\Routing\\Middleware\\SubstituteBindings->handle(Object(Illuminate\\Http\\Request), Object(Closure))
#20 /home2/oohapp/public_html/vendor/laravel/framework/src/Illuminate/Foundation/Http/Middleware/VerifyCsrfToken.php(78): Illuminate\\Pipeline\\Pipeline->Illuminate\\Pipeline\\{closure}(Object(Illuminate\\Http\\Request))
#21 /home2/oohapp/public_html/vendor/laravel/framework/src/Illuminate/Pipeline/Pipeline.php(180): Illuminate\\Foundation\\Http\\Middleware\\VerifyCsrfToken->handle(Object(Illuminate\\Http\\Request), Object(Closure))
#22 /home2/oohapp/public_html/vendor/laravel/framework/src/Illuminate/View/Middleware/ShareErrorsFromSession.php(49): Illuminate\\Pipeline\\Pipeline->Illuminate\\Pipeline\\{closure}(Object(Illuminate\\Http\\Request))
#23 /home2/oohapp/public_html/vendor/laravel/framework/src/Illuminate/Pipeline/Pipeline.php(180): Illuminate\\View\\Middleware\\ShareErrorsFromSession->handle(Object(Illuminate\\Http\\Request), Object(Closure))
#24 /home2/oohapp/public_html/vendor/laravel/framework/src/Illuminate/Session/Middleware/StartSession.php(121): Illuminate\\Pipeline\\Pipeline->Illuminate\\Pipeline\\{closure}(Object(Illuminate\\Http\\Request))
#25 /home2/oohapp/public_html/vendor/laravel/framework/src/Illuminate/Session/Middleware/StartSession.php(64): Illuminate\\Session\\Middleware\\StartSession->handleStatefulRequest(Object(Illuminate\\Http\\Request), Object(Illuminate\\Session\\Store), Object(Closure))
#26 /home2/oohapp/public_html/vendor/laravel/framework/src/Illuminate/Pipeline/Pipeline.php(180): Illuminate\\Session\\Middleware\\StartSession->handle(Object(Illuminate\\Http\\Request), Object(Closure))
#27 /home2/oohapp/public_html/vendor/laravel/framework/src/Illuminate/Cookie/Middleware/AddQueuedCookiesToResponse.php(37): Illuminate\\Pipeline\\Pipeline->Illuminate\\Pipeline\\{closure}(Object(Illuminate\\Http\\Request))
#28 /home2/oohapp/public_html/vendor/laravel/framework/src/Illuminate/Pipeline/Pipeline.php(180): Illuminate\\Cookie\\Middleware\\AddQueuedCookiesToResponse->handle(Object(Illuminate\\Http\\Request), Object(Closure))
#29 /home2/oohapp/public_html/vendor/laravel/framework/src/Illuminate/Cookie/Middleware/EncryptCookies.php(67): Illuminate\\Pipeline\\Pipeline->Illuminate\\Pipeline\\{closure}(Object(Illuminate\\Http\\Request))
#30 /home2/oohapp/public_html/vendor/laravel/framework/src/Illuminate/Pipeline/Pipeline.php(180): Illuminate\\Cookie\\Middleware\\EncryptCookies->handle(Object(Illuminate\\Http\\Request), Object(Closure))
#31 /home2/oohapp/public_html/vendor/laravel/framework/src/Illuminate/Pipeline/Pipeline.php(116): Illuminate\\Pipeline\\Pipeline->Illuminate\\Pipeline\\{closure}(Object(Illuminate\\Http\\Request))
#32 /home2/oohapp/public_html/vendor/laravel/framework/src/Illuminate/Routing/Router.php(797): Illuminate\\Pipeline\\Pipeline->then(Object(Closure))
#33 /home2/oohapp/public_html/vendor/laravel/framework/src/Illuminate/Routing/Router.php(776): Illuminate\\Routing\\Router->runRouteWithinStack(Object(Illuminate\\Routing\\Route), Object(Illuminate\\Http\\Request))
#34 /home2/oohapp/public_html/vendor/laravel/framework/src/Illuminate/Routing/Router.php(740): Illuminate\\Routing\\Router->runRoute(Object(Illuminate\\Http\\Request), Object(Illuminate\\Routing\\Route))
#35 /home2/oohapp/public_html/vendor/laravel/framework/src/Illuminate/Routing/Router.php(729): Illuminate\\Routing\\Router->dispatchToRoute(Object(Illuminate\\Http\\Request))
#36 /home2/oohapp/public_html/vendor/laravel/framework/src/Illuminate/Foundation/Http/Kernel.php(190): Illuminate\\Routing\\Router->dispatch(Object(Illuminate\\Http\\Request))
#37 /home2/oohapp/public_html/vendor/laravel/framework/src/Illuminate/Pipeline/Pipeline.php(141): Illuminate\\Foundation\\Http\\Kernel->Illuminate\\Foundation\\Http\\{closure}(Object(Illuminate\\Http\\Request))
#38 /home2/oohapp/public_html/themes/Base/Core/Middleware/RunUpdater.php(72): Illuminate\\Pipeline\\Pipeline->Illuminate\\Pipeline\\{closure}(Object(Illuminate\\Http\\Request))
#39 /home2/oohapp/public_html/vendor/laravel/framework/src/Illuminate/Pipeline/Pipeline.php(180): Themes\\Base\\Core\\Middleware\\RunUpdater->handle(Object(Illuminate\\Http\\Request), Object(Closure))
#40 /home2/oohapp/public_html/vendor/barryvdh/laravel-debugbar/src/Middleware/InjectDebugbar.php(59): Illuminate\\Pipeline\\Pipeline->Illuminate\\Pipeline\\{closure}(Object(Illuminate\\Http\\Request))
#41 /home2/oohapp/public_html/vendor/laravel/framework/src/Illuminate/Pipeline/Pipeline.php(180): Barryvdh\\Debugbar\\Middleware\\InjectDebugbar->handle(Object(Illuminate\\Http\\Request), Object(Closure))
#42 /home2/oohapp/public_html/vendor/laravel/framework/src/Illuminate/Foundation/Http/Middleware/TransformsRequest.php(21): Illuminate\\Pipeline\\Pipeline->Illuminate\\Pipeline\\{closure}(Object(Illuminate\\Http\\Request))
#43 /home2/oohapp/public_html/vendor/laravel/framework/src/Illuminate/Foundation/Http/Middleware/ConvertEmptyStringsToNull.php(31): Illuminate\\Foundation\\Http\\Middleware\\TransformsRequest->handle(Object(Illuminate\\Http\\Request), Object(Closure))
#44 /home2/oohapp/public_html/vendor/laravel/framework/src/Illuminate/Pipeline/Pipeline.php(180): Illuminate\\Foundation\\Http\\Middleware\\ConvertEmptyStringsToNull->handle(Object(Illuminate\\Http\\Request), Object(Closure))
#45 /home2/oohapp/public_html/vendor/laravel/framework/src/Illuminate/Foundation/Http/Middleware/TransformsRequest.php(21): Illuminate\\Pipeline\\Pipeline->Illuminate\\Pipeline\\{closure}(Object(Illuminate\\Http\\Request))
#46 /home2/oohapp/public_html/vendor/laravel/framework/src/Illuminate/Foundation/Http/Middleware/TrimStrings.php(40): Illuminate\\Foundation\\Http\\Middleware\\TransformsRequest->handle(Object(Illuminate\\Http\\Request), Object(Closure))
#47 /home2/oohapp/public_html/vendor/laravel/framework/src/Illuminate/Pipeline/Pipeline.php(180): Illuminate\\Foundation\\Http\\Middleware\\TrimStrings->handle(Object(Illuminate\\Http\\Request), Object(Closure))
#48 /home2/oohapp/public_html/vendor/laravel/framework/src/Illuminate/Foundation/Http/Middleware/ValidatePostSize.php(27): Illuminate\\Pipeline\\Pipeline->Illuminate\\Pipeline\\{closure}(Object(Illuminate\\Http\\Request))
#49 /home2/oohapp/public_html/vendor/laravel/framework/src/Illuminate/Pipeline/Pipeline.php(180): Illuminate\\Foundation\\Http\\Middleware\\ValidatePostSize->handle(Object(Illuminate\\Http\\Request), Object(Closure))
#50 /home2/oohapp/public_html/vendor/laravel/framework/src/Illuminate/Foundation/Http/Middleware/PreventRequestsDuringMaintenance.php(86): Illuminate\\Pipeline\\Pipeline->Illuminate\\Pipeline\\{closure}(Object(Illuminate\\Http\\Request))
#51 /home2/oohapp/public_html/vendor/laravel/framework/src/Illuminate/Pipeline/Pipeline.php(180): Illuminate\\Foundation\\Http\\Middleware\\PreventRequestsDuringMaintenance->handle(Object(Illuminate\\Http\\Request), Object(Closure))
#52 /home2/oohapp/public_html/vendor/laravel/framework/src/Illuminate/Http/Middleware/HandleCors.php(49): Illuminate\\Pipeline\\Pipeline->Illuminate\\Pipeline\\{closure}(Object(Illuminate\\Http\\Request))
#53 /home2/oohapp/public_html/vendor/laravel/framework/src/Illuminate/Pipeline/Pipeline.php(180): Illuminate\\Http\\Middleware\\HandleCors->handle(Object(Illuminate\\Http\\Request), Object(Closure))
#54 /home2/oohapp/public_html/app/Http/Middleware/RedirectToInstaller.php(40): Illuminate\\Pipeline\\Pipeline->Illuminate\\Pipeline\\{closure}(Object(Illuminate\\Http\\Request))
#55 /home2/oohapp/public_html/vendor/laravel/framework/src/Illuminate/Pipeline/Pipeline.php(180): App\\Http\\Middleware\\RedirectToInstaller->handle(Object(Illuminate\\Http\\Request), Object(Closure))
#56 /home2/oohapp/public_html/vendor/laravel/framework/src/Illuminate/Http/Middleware/TrustProxies.php(39): Illuminate\\Pipeline\\Pipeline->Illuminate\\Pipeline\\{closure}(Object(Illuminate\\Http\\Request))
#57 /home2/oohapp/public_html/vendor/laravel/framework/src/Illuminate/Pipeline/Pipeline.php(180): Illuminate\\Http\\Middleware\\TrustProxies->handle(Object(Illuminate\\Http\\Request), Object(Closure))
#58 /home2/oohapp/public_html/vendor/laravel/framework/src/Illuminate/Pipeline/Pipeline.php(116): Illuminate\\Pipeline\\Pipeline->Illuminate\\Pipeline\\{closure}(Object(Illuminate\\Http\\Request))
#59 /home2/oohapp/public_html/vendor/laravel/framework/src/Illuminate/Foundation/Http/Kernel.php(165): Illuminate\\Pipeline\\Pipeline->then(Object(Closure))
#60 /home2/oohapp/public_html/vendor/laravel/framework/src/Illuminate/Foundation/Http/Kernel.php(134): Illuminate\\Foundation\\Http\\Kernel->sendRequestThroughRouter(Object(Illuminate\\Http\\Request))
#61 /home2/oohapp/public_html/public/index.php(71): Illuminate\\Foundation\\Http\\Kernel->handle(Object(Illuminate\\Http\\Request))
#62 {main}
"} 
[2024-10-16 16:40:43] production.ERROR: SQLSTATE[HY000] [1045] Access denied for user 'oohapp_main'@'localhost' (using password: YES) (SQL: select * from `core_settings` where `name` = home_page_id limit 1) {"exception":"[object] (Illuminate\\Database\\QueryException(code: 1045): SQLSTATE[HY000] [1045] Access denied for user 'oohapp_main'@'localhost' (using password: YES) (SQL: select * from `core_settings` where `name` = home_page_id limit 1) at G:\\xampp\\htdocs\\oohappbooking\\vendor\\laravel\\framework\\src\\Illuminate\\Database\\Connection.php:760)
[stacktrace]
#0 G:\\xampp\\htdocs\\oohappbooking\\vendor\\laravel\\framework\\src\\Illuminate\\Database\\Connection.php(720): Illuminate\\Database\\Connection->runQueryCallback('select * from `...', Array, Object(Closure))
#1 G:\\xampp\\htdocs\\oohappbooking\\vendor\\laravel\\framework\\src\\Illuminate\\Database\\Connection.php(422): Illuminate\\Database\\Connection->run('select * from `...', Array, Object(Closure))
#2 G:\\xampp\\htdocs\\oohappbooking\\vendor\\laravel\\framework\\src\\Illuminate\\Database\\Query\\Builder.php(2654): Illuminate\\Database\\Connection->select('select * from `...', Array, true)
#3 G:\\xampp\\htdocs\\oohappbooking\\vendor\\laravel\\framework\\src\\Illuminate\\Database\\Query\\Builder.php(2642): Illuminate\\Database\\Query\\Builder->runSelect()
#4 G:\\xampp\\htdocs\\oohappbooking\\vendor\\laravel\\framework\\src\\Illuminate\\Database\\Query\\Builder.php(3178): Illuminate\\Database\\Query\\Builder->Illuminate\\Database\\Query\\{closure}()
#5 G:\\xampp\\htdocs\\oohappbooking\\vendor\\laravel\\framework\\src\\Illuminate\\Database\\Query\\Builder.php(2643): Illuminate\\Database\\Query\\Builder->onceWithColumns(Array, Object(Closure))
#6 G:\\xampp\\htdocs\\oohappbooking\\vendor\\laravel\\framework\\src\\Illuminate\\Database\\Eloquent\\Builder.php(710): Illuminate\\Database\\Query\\Builder->get(Array)
#7 G:\\xampp\\htdocs\\oohappbooking\\vendor\\laravel\\framework\\src\\Illuminate\\Database\\Eloquent\\Builder.php(694): Illuminate\\Database\\Eloquent\\Builder->getModels(Array)
#8 G:\\xampp\\htdocs\\oohappbooking\\vendor\\laravel\\framework\\src\\Illuminate\\Database\\Concerns\\BuildsQueries.php(296): Illuminate\\Database\\Eloquent\\Builder->get(Array)
#9 G:\\xampp\\htdocs\\oohappbooking\\modules\\Core\\Models\\Settings.php(36): Illuminate\\Database\\Eloquent\\Builder->first()
#10 G:\\xampp\\htdocs\\oohappbooking\\vendor\\laravel\\framework\\src\\Illuminate\\Cache\\Repository.php(436): Modules\\Core\\Models\\Settings::Modules\\Core\\Models\\{closure}()
#11 G:\\xampp\\htdocs\\oohappbooking\\vendor\\laravel\\framework\\src\\Illuminate\\Cache\\CacheManager.php(419): Illuminate\\Cache\\Repository->rememberForever('setting_home_pa...', Object(Closure))
#12 G:\\xampp\\htdocs\\oohappbooking\\vendor\\laravel\\framework\\src\\Illuminate\\Support\\Facades\\Facade.php(338): Illuminate\\Cache\\CacheManager->__call('rememberForever', Array)
#13 G:\\xampp\\htdocs\\oohappbooking\\modules\\Core\\Models\\Settings.php(38): Illuminate\\Support\\Facades\\Facade::__callStatic('rememberForever', Array)
#14 G:\\xampp\\htdocs\\oohappbooking\\app\\Helpers\\AppHelper.php(18): Modules\\Core\\Models\\Settings::item('home_page_id', '')
#15 G:\\xampp\\htdocs\\oohappbooking\\app\\Http\\Controllers\\HomeController.php(71): setting_item('home_page_id')
#16 G:\\xampp\\htdocs\\oohappbooking\\vendor\\laravel\\framework\\src\\Illuminate\\Routing\\Controller.php(54): App\\Http\\Controllers\\HomeController->index()
#17 G:\\xampp\\htdocs\\oohappbooking\\vendor\\laravel\\framework\\src\\Illuminate\\Routing\\ControllerDispatcher.php(43): Illuminate\\Routing\\Controller->callAction('index', Array)
#18 G:\\xampp\\htdocs\\oohappbooking\\vendor\\laravel\\framework\\src\\Illuminate\\Routing\\Route.php(260): Illuminate\\Routing\\ControllerDispatcher->dispatch(Object(Illuminate\\Routing\\Route), Object(App\\Http\\Controllers\\HomeController), 'index')
#19 G:\\xampp\\htdocs\\oohappbooking\\vendor\\laravel\\framework\\src\\Illuminate\\Routing\\Route.php(205): Illuminate\\Routing\\Route->runController()
#20 G:\\xampp\\htdocs\\oohappbooking\\vendor\\laravel\\framework\\src\\Illuminate\\Routing\\Router.php(798): Illuminate\\Routing\\Route->run()
#21 G:\\xampp\\htdocs\\oohappbooking\\vendor\\laravel\\framework\\src\\Illuminate\\Pipeline\\Pipeline.php(141): Illuminate\\Routing\\Router->Illuminate\\Routing\\{closure}(Object(Illuminate\\Http\\Request))
#22 G:\\xampp\\htdocs\\oohappbooking\\app\\Http\\Middleware\\RequireChangePassword.php(41): Illuminate\\Pipeline\\Pipeline->Illuminate\\Pipeline\\{closure}(Object(Illuminate\\Http\\Request))
#23 G:\\xampp\\htdocs\\oohappbooking\\vendor\\laravel\\framework\\src\\Illuminate\\Pipeline\\Pipeline.php(180): App\\Http\\Middleware\\RequireChangePassword->handle(Object(Illuminate\\Http\\Request), Object(Closure))
#24 G:\\xampp\\htdocs\\oohappbooking\\app\\Http\\Middleware\\SetLanguageForAdmin.php(37): Illuminate\\Pipeline\\Pipeline->Illuminate\\Pipeline\\{closure}(Object(Illuminate\\Http\\Request))
#25 G:\\xampp\\htdocs\\oohappbooking\\vendor\\laravel\\framework\\src\\Illuminate\\Pipeline\\Pipeline.php(180): App\\Http\\Middleware\\SetLanguageForAdmin->handle(Object(Illuminate\\Http\\Request), Object(Closure))
#26 G:\\xampp\\htdocs\\oohappbooking\\app\\Http\\Middleware\\SetCurrentCurrency.php(48): Illuminate\\Pipeline\\Pipeline->Illuminate\\Pipeline\\{closure}(Object(Illuminate\\Http\\Request))
#27 G:\\xampp\\htdocs\\oohappbooking\\vendor\\laravel\\framework\\src\\Illuminate\\Pipeline\\Pipeline.php(180): App\\Http\\Middleware\\SetCurrentCurrency->handle(Object(Illuminate\\Http\\Request), Object(Closure))
#28 G:\\xampp\\htdocs\\oohappbooking\\app\\Http\\Middleware\\HideDebugbar.php(32): Illuminate\\Pipeline\\Pipeline->Illuminate\\Pipeline\\{closure}(Object(Illuminate\\Http\\Request))
#29 G:\\xampp\\htdocs\\oohappbooking\\vendor\\laravel\\framework\\src\\Illuminate\\Pipeline\\Pipeline.php(180): App\\Http\\Middleware\\HideDebugbar->handle(Object(Illuminate\\Http\\Request), Object(Closure))
#30 G:\\xampp\\htdocs\\oohappbooking\\app\\Http\\Middleware\\RedirectForMultiLanguage.php(58): Illuminate\\Pipeline\\Pipeline->Illuminate\\Pipeline\\{closure}(Object(Illuminate\\Http\\Request))
#31 G:\\xampp\\htdocs\\oohappbooking\\vendor\\laravel\\framework\\src\\Illuminate\\Pipeline\\Pipeline.php(180): App\\Http\\Middleware\\RedirectForMultiLanguage->handle(Object(Illuminate\\Http\\Request), Object(Closure))
#32 G:\\xampp\\htdocs\\oohappbooking\\vendor\\laravel\\framework\\src\\Illuminate\\Routing\\Middleware\\SubstituteBindings.php(50): Illuminate\\Pipeline\\Pipeline->Illuminate\\Pipeline\\{closure}(Object(Illuminate\\Http\\Request))
#33 G:\\xampp\\htdocs\\oohappbooking\\vendor\\laravel\\framework\\src\\Illuminate\\Pipeline\\Pipeline.php(180): Illuminate\\Routing\\Middleware\\SubstituteBindings->handle(Object(Illuminate\\Http\\Request), Object(Closure))
#34 G:\\xampp\\htdocs\\oohappbooking\\vendor\\laravel\\framework\\src\\Illuminate\\Foundation\\Http\\Middleware\\VerifyCsrfToken.php(78): Illuminate\\Pipeline\\Pipeline->Illuminate\\Pipeline\\{closure}(Object(Illuminate\\Http\\Request))
#35 G:\\xampp\\htdocs\\oohappbooking\\vendor\\laravel\\framework\\src\\Illuminate\\Pipeline\\Pipeline.php(180): Illuminate\\Foundation\\Http\\Middleware\\VerifyCsrfToken->handle(Object(Illuminate\\Http\\Request), Object(Closure))
#36 G:\\xampp\\htdocs\\oohappbooking\\vendor\\laravel\\framework\\src\\Illuminate\\View\\Middleware\\ShareErrorsFromSession.php(49): Illuminate\\Pipeline\\Pipeline->Illuminate\\Pipeline\\{closure}(Object(Illuminate\\Http\\Request))
#37 G:\\xampp\\htdocs\\oohappbooking\\vendor\\laravel\\framework\\src\\Illuminate\\Pipeline\\Pipeline.php(180): Illuminate\\View\\Middleware\\ShareErrorsFromSession->handle(Object(Illuminate\\Http\\Request), Object(Closure))
#38 G:\\xampp\\htdocs\\oohappbooking\\vendor\\laravel\\framework\\src\\Illuminate\\Session\\Middleware\\StartSession.php(121): Illuminate\\Pipeline\\Pipeline->Illuminate\\Pipeline\\{closure}(Object(Illuminate\\Http\\Request))
#39 G:\\xampp\\htdocs\\oohappbooking\\vendor\\laravel\\framework\\src\\Illuminate\\Session\\Middleware\\StartSession.php(64): Illuminate\\Session\\Middleware\\StartSession->handleStatefulRequest(Object(Illuminate\\Http\\Request), Object(Illuminate\\Session\\Store), Object(Closure))
#40 G:\\xampp\\htdocs\\oohappbooking\\vendor\\laravel\\framework\\src\\Illuminate\\Pipeline\\Pipeline.php(180): Illuminate\\Session\\Middleware\\StartSession->handle(Object(Illuminate\\Http\\Request), Object(Closure))
#41 G:\\xampp\\htdocs\\oohappbooking\\vendor\\laravel\\framework\\src\\Illuminate\\Cookie\\Middleware\\AddQueuedCookiesToResponse.php(37): Illuminate\\Pipeline\\Pipeline->Illuminate\\Pipeline\\{closure}(Object(Illuminate\\Http\\Request))
#42 G:\\xampp\\htdocs\\oohappbooking\\vendor\\laravel\\framework\\src\\Illuminate\\Pipeline\\Pipeline.php(180): Illuminate\\Cookie\\Middleware\\AddQueuedCookiesToResponse->handle(Object(Illuminate\\Http\\Request), Object(Closure))
#43 G:\\xampp\\htdocs\\oohappbooking\\vendor\\laravel\\framework\\src\\Illuminate\\Cookie\\Middleware\\EncryptCookies.php(67): Illuminate\\Pipeline\\Pipeline->Illuminate\\Pipeline\\{closure}(Object(Illuminate\\Http\\Request))
#44 G:\\xampp\\htdocs\\oohappbooking\\vendor\\laravel\\framework\\src\\Illuminate\\Pipeline\\Pipeline.php(180): Illuminate\\Cookie\\Middleware\\EncryptCookies->handle(Object(Illuminate\\Http\\Request), Object(Closure))
#45 G:\\xampp\\htdocs\\oohappbooking\\vendor\\laravel\\framework\\src\\Illuminate\\Pipeline\\Pipeline.php(116): Illuminate\\Pipeline\\Pipeline->Illuminate\\Pipeline\\{closure}(Object(Illuminate\\Http\\Request))
#46 G:\\xampp\\htdocs\\oohappbooking\\vendor\\laravel\\framework\\src\\Illuminate\\Routing\\Router.php(799): Illuminate\\Pipeline\\Pipeline->then(Object(Closure))
#47 G:\\xampp\\htdocs\\oohappbooking\\vendor\\laravel\\framework\\src\\Illuminate\\Routing\\Router.php(776): Illuminate\\Routing\\Router->runRouteWithinStack(Object(Illuminate\\Routing\\Route), Object(Illuminate\\Http\\Request))
#48 G:\\xampp\\htdocs\\oohappbooking\\vendor\\laravel\\framework\\src\\Illuminate\\Routing\\Router.php(740): Illuminate\\Routing\\Router->runRoute(Object(Illuminate\\Http\\Request), Object(Illuminate\\Routing\\Route))
#49 G:\\xampp\\htdocs\\oohappbooking\\vendor\\laravel\\framework\\src\\Illuminate\\Routing\\Router.php(729): Illuminate\\Routing\\Router->dispatchToRoute(Object(Illuminate\\Http\\Request))
#50 G:\\xampp\\htdocs\\oohappbooking\\vendor\\laravel\\framework\\src\\Illuminate\\Foundation\\Http\\Kernel.php(190): Illuminate\\Routing\\Router->dispatch(Object(Illuminate\\Http\\Request))
#51 G:\\xampp\\htdocs\\oohappbooking\\vendor\\laravel\\framework\\src\\Illuminate\\Pipeline\\Pipeline.php(141): Illuminate\\Foundation\\Http\\Kernel->Illuminate\\Foundation\\Http\\{closure}(Object(Illuminate\\Http\\Request))
#52 G:\\xampp\\htdocs\\oohappbooking\\themes\\Base\\Core\\Middleware\\RunUpdater.php(72): Illuminate\\Pipeline\\Pipeline->Illuminate\\Pipeline\\{closure}(Object(Illuminate\\Http\\Request))
#53 G:\\xampp\\htdocs\\oohappbooking\\vendor\\laravel\\framework\\src\\Illuminate\\Pipeline\\Pipeline.php(180): Themes\\Base\\Core\\Middleware\\RunUpdater->handle(Object(Illuminate\\Http\\Request), Object(Closure))
#54 G:\\xampp\\htdocs\\oohappbooking\\vendor\\barryvdh\\laravel-debugbar\\src\\Middleware\\InjectDebugbar.php(59): Illuminate\\Pipeline\\Pipeline->Illuminate\\Pipeline\\{closure}(Object(Illuminate\\Http\\Request))
#55 G:\\xampp\\htdocs\\oohappbooking\\vendor\\laravel\\framework\\src\\Illuminate\\Pipeline\\Pipeline.php(180): Barryvdh\\Debugbar\\Middleware\\InjectDebugbar->handle(Object(Illuminate\\Http\\Request), Object(Closure))
#56 G:\\xampp\\htdocs\\oohappbooking\\vendor\\laravel\\framework\\src\\Illuminate\\Foundation\\Http\\Middleware\\TransformsRequest.php(21): Illuminate\\Pipeline\\Pipeline->Illuminate\\Pipeline\\{closure}(Object(Illuminate\\Http\\Request))
#57 G:\\xampp\\htdocs\\oohappbooking\\vendor\\laravel\\framework\\src\\Illuminate\\Foundation\\Http\\Middleware\\ConvertEmptyStringsToNull.php(31): Illuminate\\Foundation\\Http\\Middleware\\TransformsRequest->handle(Object(Illuminate\\Http\\Request), Object(Closure))
#58 G:\\xampp\\htdocs\\oohappbooking\\vendor\\laravel\\framework\\src\\Illuminate\\Pipeline\\Pipeline.php(180): Illuminate\\Foundation\\Http\\Middleware\\ConvertEmptyStringsToNull->handle(Object(Illuminate\\Http\\Request), Object(Closure))
#59 G:\\xampp\\htdocs\\oohappbooking\\vendor\\laravel\\framework\\src\\Illuminate\\Foundation\\Http\\Middleware\\TransformsRequest.php(21): Illuminate\\Pipeline\\Pipeline->Illuminate\\Pipeline\\{closure}(Object(Illuminate\\Http\\Request))
#60 G:\\xampp\\htdocs\\oohappbooking\\vendor\\laravel\\framework\\src\\Illuminate\\Foundation\\Http\\Middleware\\TrimStrings.php(40): Illuminate\\Foundation\\Http\\Middleware\\TransformsRequest->handle(Object(Illuminate\\Http\\Request), Object(Closure))
#61 G:\\xampp\\htdocs\\oohappbooking\\vendor\\laravel\\framework\\src\\Illuminate\\Pipeline\\Pipeline.php(180): Illuminate\\Foundation\\Http\\Middleware\\TrimStrings->handle(Object(Illuminate\\Http\\Request), Object(Closure))
#62 G:\\xampp\\htdocs\\oohappbooking\\vendor\\laravel\\framework\\src\\Illuminate\\Foundation\\Http\\Middleware\\ValidatePostSize.php(27): Illuminate\\Pipeline\\Pipeline->Illuminate\\Pipeline\\{closure}(Object(Illuminate\\Http\\Request))
#63 G:\\xampp\\htdocs\\oohappbooking\\vendor\\laravel\\framework\\src\\Illuminate\\Pipeline\\Pipeline.php(180): Illuminate\\Foundation\\Http\\Middleware\\ValidatePostSize->handle(Object(Illuminate\\Http\\Request), Object(Closure))
#64 G:\\xampp\\htdocs\\oohappbooking\\vendor\\laravel\\framework\\src\\Illuminate\\Foundation\\Http\\Middleware\\PreventRequestsDuringMaintenance.php(86): Illuminate\\Pipeline\\Pipeline->Illuminate\\Pipeline\\{closure}(Object(Illuminate\\Http\\Request))
#65 G:\\xampp\\htdocs\\oohappbooking\\vendor\\laravel\\framework\\src\\Illuminate\\Pipeline\\Pipeline.php(180): Illuminate\\Foundation\\Http\\Middleware\\PreventRequestsDuringMaintenance->handle(Object(Illuminate\\Http\\Request), Object(Closure))
#66 G:\\xampp\\htdocs\\oohappbooking\\vendor\\laravel\\framework\\src\\Illuminate\\Http\\Middleware\\HandleCors.php(49): Illuminate\\Pipeline\\Pipeline->Illuminate\\Pipeline\\{closure}(Object(Illuminate\\Http\\Request))
#67 G:\\xampp\\htdocs\\oohappbooking\\vendor\\laravel\\framework\\src\\Illuminate\\Pipeline\\Pipeline.php(180): Illuminate\\Http\\Middleware\\HandleCors->handle(Object(Illuminate\\Http\\Request), Object(Closure))
#68 G:\\xampp\\htdocs\\oohappbooking\\app\\Http\\Middleware\\RedirectToInstaller.php(40): Illuminate\\Pipeline\\Pipeline->Illuminate\\Pipeline\\{closure}(Object(Illuminate\\Http\\Request))
#69 G:\\xampp\\htdocs\\oohappbooking\\vendor\\laravel\\framework\\src\\Illuminate\\Pipeline\\Pipeline.php(180): App\\Http\\Middleware\\RedirectToInstaller->handle(Object(Illuminate\\Http\\Request), Object(Closure))
#70 G:\\xampp\\htdocs\\oohappbooking\\vendor\\laravel\\framework\\src\\Illuminate\\Http\\Middleware\\TrustProxies.php(39): Illuminate\\Pipeline\\Pipeline->Illuminate\\Pipeline\\{closure}(Object(Illuminate\\Http\\Request))
#71 G:\\xampp\\htdocs\\oohappbooking\\vendor\\laravel\\framework\\src\\Illuminate\\Pipeline\\Pipeline.php(180): Illuminate\\Http\\Middleware\\TrustProxies->handle(Object(Illuminate\\Http\\Request), Object(Closure))
#72 G:\\xampp\\htdocs\\oohappbooking\\vendor\\laravel\\framework\\src\\Illuminate\\Pipeline\\Pipeline.php(116): Illuminate\\Pipeline\\Pipeline->Illuminate\\Pipeline\\{closure}(Object(Illuminate\\Http\\Request))
#73 G:\\xampp\\htdocs\\oohappbooking\\vendor\\laravel\\framework\\src\\Illuminate\\Foundation\\Http\\Kernel.php(165): Illuminate\\Pipeline\\Pipeline->then(Object(Closure))
#74 G:\\xampp\\htdocs\\oohappbooking\\vendor\\laravel\\framework\\src\\Illuminate\\Foundation\\Http\\Kernel.php(134): Illuminate\\Foundation\\Http\\Kernel->sendRequestThroughRouter(Object(Illuminate\\Http\\Request))
#75 G:\\xampp\\htdocs\\oohappbooking\\public\\index.php(72): Illuminate\\Foundation\\Http\\Kernel->handle(Object(Illuminate\\Http\\Request))
#76 G:\\xampp\\htdocs\\oohappbooking\\vendor\\laravel\\framework\\src\\Illuminate\\Foundation\\resources\\server.php(16): require_once('G:\\\\xampp\\\\htdocs...')
#77 {main}

[previous exception] [object] (PDOException(code: 1045): SQLSTATE[HY000] [1045] Access denied for user 'oohapp_main'@'localhost' (using password: YES) at G:\\xampp\\htdocs\\oohappbooking\\vendor\\laravel\\framework\\src\\Illuminate\\Database\\Connectors\\Connector.php:70)
[stacktrace]
#0 G:\\xampp\\htdocs\\oohappbooking\\vendor\\laravel\\framework\\src\\Illuminate\\Database\\Connectors\\Connector.php(70): PDO->__construct('mysql:host=127....', 'oohapp_main', 'lZkxC!lU4.&M', Array)
#1 G:\\xampp\\htdocs\\oohappbooking\\vendor\\laravel\\framework\\src\\Illuminate\\Database\\Connectors\\Connector.php(46): Illuminate\\Database\\Connectors\\Connector->createPdoConnection('mysql:host=127....', 'oohapp_main', 'lZkxC!lU4.&M', Array)
#2 G:\\xampp\\htdocs\\oohappbooking\\vendor\\laravel\\framework\\src\\Illuminate\\Database\\Connectors\\MySqlConnector.php(24): Illuminate\\Database\\Connectors\\Connector->createConnection('mysql:host=127....', Array, Array)
#3 G:\\xampp\\htdocs\\oohappbooking\\vendor\\laravel\\framework\\src\\Illuminate\\Database\\Connectors\\ConnectionFactory.php(184): Illuminate\\Database\\Connectors\\MySqlConnector->connect(Array)
#4 [internal function]: Illuminate\\Database\\Connectors\\ConnectionFactory->Illuminate\\Database\\Connectors\\{closure}()
#5 G:\\xampp\\htdocs\\oohappbooking\\vendor\\laravel\\framework\\src\\Illuminate\\Database\\Connection.php(1181): call_user_func(Object(Closure))
#6 G:\\xampp\\htdocs\\oohappbooking\\vendor\\laravel\\framework\\src\\Illuminate\\Database\\Connection.php(1217): Illuminate\\Database\\Connection->getPdo()
#7 G:\\xampp\\htdocs\\oohappbooking\\vendor\\laravel\\framework\\src\\Illuminate\\Database\\Connection.php(486): Illuminate\\Database\\Connection->getReadPdo()
#8 G:\\xampp\\htdocs\\oohappbooking\\vendor\\laravel\\framework\\src\\Illuminate\\Database\\Connection.php(414): Illuminate\\Database\\Connection->getPdoForSelect(true)
#9 G:\\xampp\\htdocs\\oohappbooking\\vendor\\laravel\\framework\\src\\Illuminate\\Database\\Connection.php(753): Illuminate\\Database\\Connection->Illuminate\\Database\\{closure}('select * from `...', Array)
#10 G:\\xampp\\htdocs\\oohappbooking\\vendor\\laravel\\framework\\src\\Illuminate\\Database\\Connection.php(720): Illuminate\\Database\\Connection->runQueryCallback('select * from `...', Array, Object(Closure))
#11 G:\\xampp\\htdocs\\oohappbooking\\vendor\\laravel\\framework\\src\\Illuminate\\Database\\Connection.php(422): Illuminate\\Database\\Connection->run('select * from `...', Array, Object(Closure))
#12 G:\\xampp\\htdocs\\oohappbooking\\vendor\\laravel\\framework\\src\\Illuminate\\Database\\Query\\Builder.php(2654): Illuminate\\Database\\Connection->select('select * from `...', Array, true)
#13 G:\\xampp\\htdocs\\oohappbooking\\vendor\\laravel\\framework\\src\\Illuminate\\Database\\Query\\Builder.php(2642): Illuminate\\Database\\Query\\Builder->runSelect()
#14 G:\\xampp\\htdocs\\oohappbooking\\vendor\\laravel\\framework\\src\\Illuminate\\Database\\Query\\Builder.php(3178): Illuminate\\Database\\Query\\Builder->Illuminate\\Database\\Query\\{closure}()
#15 G:\\xampp\\htdocs\\oohappbooking\\vendor\\laravel\\framework\\src\\Illuminate\\Database\\Query\\Builder.php(2643): Illuminate\\Database\\Query\\Builder->onceWithColumns(Array, Object(Closure))
#16 G:\\xampp\\htdocs\\oohappbooking\\vendor\\laravel\\framework\\src\\Illuminate\\Database\\Eloquent\\Builder.php(710): Illuminate\\Database\\Query\\Builder->get(Array)
#17 G:\\xampp\\htdocs\\oohappbooking\\vendor\\laravel\\framework\\src\\Illuminate\\Database\\Eloquent\\Builder.php(694): Illuminate\\Database\\Eloquent\\Builder->getModels(Array)
#18 G:\\xampp\\htdocs\\oohappbooking\\vendor\\laravel\\framework\\src\\Illuminate\\Database\\Concerns\\BuildsQueries.php(296): Illuminate\\Database\\Eloquent\\Builder->get(Array)
#19 G:\\xampp\\htdocs\\oohappbooking\\modules\\Core\\Models\\Settings.php(36): Illuminate\\Database\\Eloquent\\Builder->first()
#20 G:\\xampp\\htdocs\\oohappbooking\\vendor\\laravel\\framework\\src\\Illuminate\\Cache\\Repository.php(436): Modules\\Core\\Models\\Settings::Modules\\Core\\Models\\{closure}()
#21 G:\\xampp\\htdocs\\oohappbooking\\vendor\\laravel\\framework\\src\\Illuminate\\Cache\\CacheManager.php(419): Illuminate\\Cache\\Repository->rememberForever('setting_home_pa...', Object(Closure))
#22 G:\\xampp\\htdocs\\oohappbooking\\vendor\\laravel\\framework\\src\\Illuminate\\Support\\Facades\\Facade.php(338): Illuminate\\Cache\\CacheManager->__call('rememberForever', Array)
#23 G:\\xampp\\htdocs\\oohappbooking\\modules\\Core\\Models\\Settings.php(38): Illuminate\\Support\\Facades\\Facade::__callStatic('rememberForever', Array)
#24 G:\\xampp\\htdocs\\oohappbooking\\app\\Helpers\\AppHelper.php(18): Modules\\Core\\Models\\Settings::item('home_page_id', '')
#25 G:\\xampp\\htdocs\\oohappbooking\\app\\Http\\Controllers\\HomeController.php(71): setting_item('home_page_id')
#26 G:\\xampp\\htdocs\\oohappbooking\\vendor\\laravel\\framework\\src\\Illuminate\\Routing\\Controller.php(54): App\\Http\\Controllers\\HomeController->index()
#27 G:\\xampp\\htdocs\\oohappbooking\\vendor\\laravel\\framework\\src\\Illuminate\\Routing\\ControllerDispatcher.php(43): Illuminate\\Routing\\Controller->callAction('index', Array)
#28 G:\\xampp\\htdocs\\oohappbooking\\vendor\\laravel\\framework\\src\\Illuminate\\Routing\\Route.php(260): Illuminate\\Routing\\ControllerDispatcher->dispatch(Object(Illuminate\\Routing\\Route), Object(App\\Http\\Controllers\\HomeController), 'index')
#29 G:\\xampp\\htdocs\\oohappbooking\\vendor\\laravel\\framework\\src\\Illuminate\\Routing\\Route.php(205): Illuminate\\Routing\\Route->runController()
#30 G:\\xampp\\htdocs\\oohappbooking\\vendor\\laravel\\framework\\src\\Illuminate\\Routing\\Router.php(798): Illuminate\\Routing\\Route->run()
#31 G:\\xampp\\htdocs\\oohappbooking\\vendor\\laravel\\framework\\src\\Illuminate\\Pipeline\\Pipeline.php(141): Illuminate\\Routing\\Router->Illuminate\\Routing\\{closure}(Object(Illuminate\\Http\\Request))
#32 G:\\xampp\\htdocs\\oohappbooking\\app\\Http\\Middleware\\RequireChangePassword.php(41): Illuminate\\Pipeline\\Pipeline->Illuminate\\Pipeline\\{closure}(Object(Illuminate\\Http\\Request))
#33 G:\\xampp\\htdocs\\oohappbooking\\vendor\\laravel\\framework\\src\\Illuminate\\Pipeline\\Pipeline.php(180): App\\Http\\Middleware\\RequireChangePassword->handle(Object(Illuminate\\Http\\Request), Object(Closure))
#34 G:\\xampp\\htdocs\\oohappbooking\\app\\Http\\Middleware\\SetLanguageForAdmin.php(37): Illuminate\\Pipeline\\Pipeline->Illuminate\\Pipeline\\{closure}(Object(Illuminate\\Http\\Request))
#35 G:\\xampp\\htdocs\\oohappbooking\\vendor\\laravel\\framework\\src\\Illuminate\\Pipeline\\Pipeline.php(180): App\\Http\\Middleware\\SetLanguageForAdmin->handle(Object(Illuminate\\Http\\Request), Object(Closure))
#36 G:\\xampp\\htdocs\\oohappbooking\\app\\Http\\Middleware\\SetCurrentCurrency.php(48): Illuminate\\Pipeline\\Pipeline->Illuminate\\Pipeline\\{closure}(Object(Illuminate\\Http\\Request))
#37 G:\\xampp\\htdocs\\oohappbooking\\vendor\\laravel\\framework\\src\\Illuminate\\Pipeline\\Pipeline.php(180): App\\Http\\Middleware\\SetCurrentCurrency->handle(Object(Illuminate\\Http\\Request), Object(Closure))
#38 G:\\xampp\\htdocs\\oohappbooking\\app\\Http\\Middleware\\HideDebugbar.php(32): Illuminate\\Pipeline\\Pipeline->Illuminate\\Pipeline\\{closure}(Object(Illuminate\\Http\\Request))
#39 G:\\xampp\\htdocs\\oohappbooking\\vendor\\laravel\\framework\\src\\Illuminate\\Pipeline\\Pipeline.php(180): App\\Http\\Middleware\\HideDebugbar->handle(Object(Illuminate\\Http\\Request), Object(Closure))
#40 G:\\xampp\\htdocs\\oohappbooking\\app\\Http\\Middleware\\RedirectForMultiLanguage.php(58): Illuminate\\Pipeline\\Pipeline->Illuminate\\Pipeline\\{closure}(Object(Illuminate\\Http\\Request))
#41 G:\\xampp\\htdocs\\oohappbooking\\vendor\\laravel\\framework\\src\\Illuminate\\Pipeline\\Pipeline.php(180): App\\Http\\Middleware\\RedirectForMultiLanguage->handle(Object(Illuminate\\Http\\Request), Object(Closure))
#42 G:\\xampp\\htdocs\\oohappbooking\\vendor\\laravel\\framework\\src\\Illuminate\\Routing\\Middleware\\SubstituteBindings.php(50): Illuminate\\Pipeline\\Pipeline->Illuminate\\Pipeline\\{closure}(Object(Illuminate\\Http\\Request))
#43 G:\\xampp\\htdocs\\oohappbooking\\vendor\\laravel\\framework\\src\\Illuminate\\Pipeline\\Pipeline.php(180): Illuminate\\Routing\\Middleware\\SubstituteBindings->handle(Object(Illuminate\\Http\\Request), Object(Closure))
#44 G:\\xampp\\htdocs\\oohappbooking\\vendor\\laravel\\framework\\src\\Illuminate\\Foundation\\Http\\Middleware\\VerifyCsrfToken.php(78): Illuminate\\Pipeline\\Pipeline->Illuminate\\Pipeline\\{closure}(Object(Illuminate\\Http\\Request))
#45 G:\\xampp\\htdocs\\oohappbooking\\vendor\\laravel\\framework\\src\\Illuminate\\Pipeline\\Pipeline.php(180): Illuminate\\Foundation\\Http\\Middleware\\VerifyCsrfToken->handle(Object(Illuminate\\Http\\Request), Object(Closure))
#46 G:\\xampp\\htdocs\\oohappbooking\\vendor\\laravel\\framework\\src\\Illuminate\\View\\Middleware\\ShareErrorsFromSession.php(49): Illuminate\\Pipeline\\Pipeline->Illuminate\\Pipeline\\{closure}(Object(Illuminate\\Http\\Request))
#47 G:\\xampp\\htdocs\\oohappbooking\\vendor\\laravel\\framework\\src\\Illuminate\\Pipeline\\Pipeline.php(180): Illuminate\\View\\Middleware\\ShareErrorsFromSession->handle(Object(Illuminate\\Http\\Request), Object(Closure))
#48 G:\\xampp\\htdocs\\oohappbooking\\vendor\\laravel\\framework\\src\\Illuminate\\Session\\Middleware\\StartSession.php(121): Illuminate\\Pipeline\\Pipeline->Illuminate\\Pipeline\\{closure}(Object(Illuminate\\Http\\Request))
#49 G:\\xampp\\htdocs\\oohappbooking\\vendor\\laravel\\framework\\src\\Illuminate\\Session\\Middleware\\StartSession.php(64): Illuminate\\Session\\Middleware\\StartSession->handleStatefulRequest(Object(Illuminate\\Http\\Request), Object(Illuminate\\Session\\Store), Object(Closure))
#50 G:\\xampp\\htdocs\\oohappbooking\\vendor\\laravel\\framework\\src\\Illuminate\\Pipeline\\Pipeline.php(180): Illuminate\\Session\\Middleware\\StartSession->handle(Object(Illuminate\\Http\\Request), Object(Closure))
#51 G:\\xampp\\htdocs\\oohappbooking\\vendor\\laravel\\framework\\src\\Illuminate\\Cookie\\Middleware\\AddQueuedCookiesToResponse.php(37): Illuminate\\Pipeline\\Pipeline->Illuminate\\Pipeline\\{closure}(Object(Illuminate\\Http\\Request))
#52 G:\\xampp\\htdocs\\oohappbooking\\vendor\\laravel\\framework\\src\\Illuminate\\Pipeline\\Pipeline.php(180): Illuminate\\Cookie\\Middleware\\AddQueuedCookiesToResponse->handle(Object(Illuminate\\Http\\Request), Object(Closure))
#53 G:\\xampp\\htdocs\\oohappbooking\\vendor\\laravel\\framework\\src\\Illuminate\\Cookie\\Middleware\\EncryptCookies.php(67): Illuminate\\Pipeline\\Pipeline->Illuminate\\Pipeline\\{closure}(Object(Illuminate\\Http\\Request))
#54 G:\\xampp\\htdocs\\oohappbooking\\vendor\\laravel\\framework\\src\\Illuminate\\Pipeline\\Pipeline.php(180): Illuminate\\Cookie\\Middleware\\EncryptCookies->handle(Object(Illuminate\\Http\\Request), Object(Closure))
#55 G:\\xampp\\htdocs\\oohappbooking\\vendor\\laravel\\framework\\src\\Illuminate\\Pipeline\\Pipeline.php(116): Illuminate\\Pipeline\\Pipeline->Illuminate\\Pipeline\\{closure}(Object(Illuminate\\Http\\Request))
#56 G:\\xampp\\htdocs\\oohappbooking\\vendor\\laravel\\framework\\src\\Illuminate\\Routing\\Router.php(799): Illuminate\\Pipeline\\Pipeline->then(Object(Closure))
#57 G:\\xampp\\htdocs\\oohappbooking\\vendor\\laravel\\framework\\src\\Illuminate\\Routing\\Router.php(776): Illuminate\\Routing\\Router->runRouteWithinStack(Object(Illuminate\\Routing\\Route), Object(Illuminate\\Http\\Request))
#58 G:\\xampp\\htdocs\\oohappbooking\\vendor\\laravel\\framework\\src\\Illuminate\\Routing\\Router.php(740): Illuminate\\Routing\\Router->runRoute(Object(Illuminate\\Http\\Request), Object(Illuminate\\Routing\\Route))
#59 G:\\xampp\\htdocs\\oohappbooking\\vendor\\laravel\\framework\\src\\Illuminate\\Routing\\Router.php(729): Illuminate\\Routing\\Router->dispatchToRoute(Object(Illuminate\\Http\\Request))
#60 G:\\xampp\\htdocs\\oohappbooking\\vendor\\laravel\\framework\\src\\Illuminate\\Foundation\\Http\\Kernel.php(190): Illuminate\\Routing\\Router->dispatch(Object(Illuminate\\Http\\Request))
#61 G:\\xampp\\htdocs\\oohappbooking\\vendor\\laravel\\framework\\src\\Illuminate\\Pipeline\\Pipeline.php(141): Illuminate\\Foundation\\Http\\Kernel->Illuminate\\Foundation\\Http\\{closure}(Object(Illuminate\\Http\\Request))
#62 G:\\xampp\\htdocs\\oohappbooking\\themes\\Base\\Core\\Middleware\\RunUpdater.php(72): Illuminate\\Pipeline\\Pipeline->Illuminate\\Pipeline\\{closure}(Object(Illuminate\\Http\\Request))
#63 G:\\xampp\\htdocs\\oohappbooking\\vendor\\laravel\\framework\\src\\Illuminate\\Pipeline\\Pipeline.php(180): Themes\\Base\\Core\\Middleware\\RunUpdater->handle(Object(Illuminate\\Http\\Request), Object(Closure))
#64 G:\\xampp\\htdocs\\oohappbooking\\vendor\\barryvdh\\laravel-debugbar\\src\\Middleware\\InjectDebugbar.php(59): Illuminate\\Pipeline\\Pipeline->Illuminate\\Pipeline\\{closure}(Object(Illuminate\\Http\\Request))
#65 G:\\xampp\\htdocs\\oohappbooking\\vendor\\laravel\\framework\\src\\Illuminate\\Pipeline\\Pipeline.php(180): Barryvdh\\Debugbar\\Middleware\\InjectDebugbar->handle(Object(Illuminate\\Http\\Request), Object(Closure))
#66 G:\\xampp\\htdocs\\oohappbooking\\vendor\\laravel\\framework\\src\\Illuminate\\Foundation\\Http\\Middleware\\TransformsRequest.php(21): Illuminate\\Pipeline\\Pipeline->Illuminate\\Pipeline\\{closure}(Object(Illuminate\\Http\\Request))
#67 G:\\xampp\\htdocs\\oohappbooking\\vendor\\laravel\\framework\\src\\Illuminate\\Foundation\\Http\\Middleware\\ConvertEmptyStringsToNull.php(31): Illuminate\\Foundation\\Http\\Middleware\\TransformsRequest->handle(Object(Illuminate\\Http\\Request), Object(Closure))
#68 G:\\xampp\\htdocs\\oohappbooking\\vendor\\laravel\\framework\\src\\Illuminate\\Pipeline\\Pipeline.php(180): Illuminate\\Foundation\\Http\\Middleware\\ConvertEmptyStringsToNull->handle(Object(Illuminate\\Http\\Request), Object(Closure))
#69 G:\\xampp\\htdocs\\oohappbooking\\vendor\\laravel\\framework\\src\\Illuminate\\Foundation\\Http\\Middleware\\TransformsRequest.php(21): Illuminate\\Pipeline\\Pipeline->Illuminate\\Pipeline\\{closure}(Object(Illuminate\\Http\\Request))
#70 G:\\xampp\\htdocs\\oohappbooking\\vendor\\laravel\\framework\\src\\Illuminate\\Foundation\\Http\\Middleware\\TrimStrings.php(40): Illuminate\\Foundation\\Http\\Middleware\\TransformsRequest->handle(Object(Illuminate\\Http\\Request), Object(Closure))
#71 G:\\xampp\\htdocs\\oohappbooking\\vendor\\laravel\\framework\\src\\Illuminate\\Pipeline\\Pipeline.php(180): Illuminate\\Foundation\\Http\\Middleware\\TrimStrings->handle(Object(Illuminate\\Http\\Request), Object(Closure))
#72 G:\\xampp\\htdocs\\oohappbooking\\vendor\\laravel\\framework\\src\\Illuminate\\Foundation\\Http\\Middleware\\ValidatePostSize.php(27): Illuminate\\Pipeline\\Pipeline->Illuminate\\Pipeline\\{closure}(Object(Illuminate\\Http\\Request))
#73 G:\\xampp\\htdocs\\oohappbooking\\vendor\\laravel\\framework\\src\\Illuminate\\Pipeline\\Pipeline.php(180): Illuminate\\Foundation\\Http\\Middleware\\ValidatePostSize->handle(Object(Illuminate\\Http\\Request), Object(Closure))
#74 G:\\xampp\\htdocs\\oohappbooking\\vendor\\laravel\\framework\\src\\Illuminate\\Foundation\\Http\\Middleware\\PreventRequestsDuringMaintenance.php(86): Illuminate\\Pipeline\\Pipeline->Illuminate\\Pipeline\\{closure}(Object(Illuminate\\Http\\Request))
#75 G:\\xampp\\htdocs\\oohappbooking\\vendor\\laravel\\framework\\src\\Illuminate\\Pipeline\\Pipeline.php(180): Illuminate\\Foundation\\Http\\Middleware\\PreventRequestsDuringMaintenance->handle(Object(Illuminate\\Http\\Request), Object(Closure))
#76 G:\\xampp\\htdocs\\oohappbooking\\vendor\\laravel\\framework\\src\\Illuminate\\Http\\Middleware\\HandleCors.php(49): Illuminate\\Pipeline\\Pipeline->Illuminate\\Pipeline\\{closure}(Object(Illuminate\\Http\\Request))
#77 G:\\xampp\\htdocs\\oohappbooking\\vendor\\laravel\\framework\\src\\Illuminate\\Pipeline\\Pipeline.php(180): Illuminate\\Http\\Middleware\\HandleCors->handle(Object(Illuminate\\Http\\Request), Object(Closure))
#78 G:\\xampp\\htdocs\\oohappbooking\\app\\Http\\Middleware\\RedirectToInstaller.php(40): Illuminate\\Pipeline\\Pipeline->Illuminate\\Pipeline\\{closure}(Object(Illuminate\\Http\\Request))
#79 G:\\xampp\\htdocs\\oohappbooking\\vendor\\laravel\\framework\\src\\Illuminate\\Pipeline\\Pipeline.php(180): App\\Http\\Middleware\\RedirectToInstaller->handle(Object(Illuminate\\Http\\Request), Object(Closure))
#80 G:\\xampp\\htdocs\\oohappbooking\\vendor\\laravel\\framework\\src\\Illuminate\\Http\\Middleware\\TrustProxies.php(39): Illuminate\\Pipeline\\Pipeline->Illuminate\\Pipeline\\{closure}(Object(Illuminate\\Http\\Request))
#81 G:\\xampp\\htdocs\\oohappbooking\\vendor\\laravel\\framework\\src\\Illuminate\\Pipeline\\Pipeline.php(180): Illuminate\\Http\\Middleware\\TrustProxies->handle(Object(Illuminate\\Http\\Request), Object(Closure))
#82 G:\\xampp\\htdocs\\oohappbooking\\vendor\\laravel\\framework\\src\\Illuminate\\Pipeline\\Pipeline.php(116): Illuminate\\Pipeline\\Pipeline->Illuminate\\Pipeline\\{closure}(Object(Illuminate\\Http\\Request))
#83 G:\\xampp\\htdocs\\oohappbooking\\vendor\\laravel\\framework\\src\\Illuminate\\Foundation\\Http\\Kernel.php(165): Illuminate\\Pipeline\\Pipeline->then(Object(Closure))
#84 G:\\xampp\\htdocs\\oohappbooking\\vendor\\laravel\\framework\\src\\Illuminate\\Foundation\\Http\\Kernel.php(134): Illuminate\\Foundation\\Http\\Kernel->sendRequestThroughRouter(Object(Illuminate\\Http\\Request))
#85 G:\\xampp\\htdocs\\oohappbooking\\public\\index.php(72): Illuminate\\Foundation\\Http\\Kernel->handle(Object(Illuminate\\Http\\Request))
#86 G:\\xampp\\htdocs\\oohappbooking\\vendor\\laravel\\framework\\src\\Illuminate\\Foundation\\resources\\server.php(16): require_once('G:\\\\xampp\\\\htdocs...')
#87 {main}
"} 
[2024-10-16 16:47:44] production.ERROR: Uncaught ReflectionException: Class "Spatie\Permission\Middlewares\RoleMiddleware" does not exist in Command line code:1
Stack trace:
#0 Command line code(1): ReflectionMethod->__construct('Spatie\\Permissi...', 'handle')
#1 {main}
  thrown {"exception":"[object] (Symfony\\Component\\ErrorHandler\\Error\\FatalError(code: 0): Uncaught ReflectionException: Class \"Spatie\\Permission\\Middlewares\\RoleMiddleware\" does not exist in Command line code:1
Stack trace:
#0 Command line code(1): ReflectionMethod->__construct('Spatie\\\\Permissi...', 'handle')
#1 {main}
  thrown at Command line code:1)
[stacktrace]
#0 {main}
"} 
