[2024-12-20 10:43:53] local.ERROR: SQLSTATE[3D000]: Invalid catalog name: 1046 No database selected (SQL: select * from `core_settings` where `name` = home_page_id limit 1) {"exception":"[object] (Illuminate\\Database\\QueryException(code: 3D000): SQLSTATE[3D000]: Invalid catalog name: 1046 No database selected (SQL: select * from `core_settings` where `name` = home_page_id limit 1) at D:\\xampp\\htdocs\\oohapp\\oohapp-laravel-io\\vendor\\laravel\\framework\\src\\Illuminate\\Database\\Connection.php:760)
[stacktrace]
#0 D:\\xampp\\htdocs\\oohapp\\oohapp-laravel-io\\vendor\\laravel\\framework\\src\\Illuminate\\Database\\Connection.php(720): Illuminate\\Database\\Connection->runQueryCallback('select * from `...', Array, Object(Closure))
#1 D:\\xampp\\htdocs\\oohapp\\oohapp-laravel-io\\vendor\\laravel\\framework\\src\\Illuminate\\Database\\Connection.php(405): Illuminate\\Database\\Connection->run('select * from `...', Array, Object(Closure))
#2 D:\\xampp\\htdocs\\oohapp\\oohapp-laravel-io\\vendor\\laravel\\framework\\src\\Illuminate\\Database\\Query\\Builder.php(2653): Illuminate\\Database\\Connection->select('select * from `...', Array, true)
#3 D:\\xampp\\htdocs\\oohapp\\oohapp-laravel-io\\vendor\\laravel\\framework\\src\\Illuminate\\Database\\Query\\Builder.php(2642): Illuminate\\Database\\Query\\Builder->runSelect()
#4 D:\\xampp\\htdocs\\oohapp\\oohapp-laravel-io\\vendor\\laravel\\framework\\src\\Illuminate\\Database\\Query\\Builder.php(3178): Illuminate\\Database\\Query\\Builder->Illuminate\\Database\\Query\\{closure}()
#5 D:\\xampp\\htdocs\\oohapp\\oohapp-laravel-io\\vendor\\laravel\\framework\\src\\Illuminate\\Database\\Query\\Builder.php(2641): Illuminate\\Database\\Query\\Builder->onceWithColumns(Array, Object(Closure))
#6 D:\\xampp\\htdocs\\oohapp\\oohapp-laravel-io\\vendor\\laravel\\framework\\src\\Illuminate\\Database\\Eloquent\\Builder.php(710): Illuminate\\Database\\Query\\Builder->get(Array)
#7 D:\\xampp\\htdocs\\oohapp\\oohapp-laravel-io\\vendor\\laravel\\framework\\src\\Illuminate\\Database\\Eloquent\\Builder.php(694): Illuminate\\Database\\Eloquent\\Builder->getModels(Array)
#8 D:\\xampp\\htdocs\\oohapp\\oohapp-laravel-io\\vendor\\laravel\\framework\\src\\Illuminate\\Database\\Concerns\\BuildsQueries.php(296): Illuminate\\Database\\Eloquent\\Builder->get(Array)
#9 D:\\xampp\\htdocs\\oohapp\\oohapp-laravel-io\\modules\\Core\\Models\\Settings.php(36): Illuminate\\Database\\Eloquent\\Builder->first()
#10 D:\\xampp\\htdocs\\oohapp\\oohapp-laravel-io\\vendor\\laravel\\framework\\src\\Illuminate\\Cache\\Repository.php(436): Modules\\Core\\Models\\Settings::Modules\\Core\\Models\\{closure}()
#11 D:\\xampp\\htdocs\\oohapp\\oohapp-laravel-io\\vendor\\laravel\\framework\\src\\Illuminate\\Cache\\CacheManager.php(419): Illuminate\\Cache\\Repository->rememberForever('setting_home_pa...', Object(Closure))
#12 D:\\xampp\\htdocs\\oohapp\\oohapp-laravel-io\\vendor\\laravel\\framework\\src\\Illuminate\\Support\\Facades\\Facade.php(338): Illuminate\\Cache\\CacheManager->__call('rememberForever', Array)
#13 D:\\xampp\\htdocs\\oohapp\\oohapp-laravel-io\\modules\\Core\\Models\\Settings.php(35): Illuminate\\Support\\Facades\\Facade::__callStatic('rememberForever', Array)
#14 D:\\xampp\\htdocs\\oohapp\\oohapp-laravel-io\\app\\Helpers\\AppHelper.php(18): Modules\\Core\\Models\\Settings::item('home_page_id', '')
#15 D:\\xampp\\htdocs\\oohapp\\oohapp-laravel-io\\app\\Http\\Controllers\\HomeController.php(71): setting_item('home_page_id')
#16 D:\\xampp\\htdocs\\oohapp\\oohapp-laravel-io\\vendor\\laravel\\framework\\src\\Illuminate\\Routing\\Controller.php(54): App\\Http\\Controllers\\HomeController->index()
#17 D:\\xampp\\htdocs\\oohapp\\oohapp-laravel-io\\vendor\\laravel\\framework\\src\\Illuminate\\Routing\\ControllerDispatcher.php(43): Illuminate\\Routing\\Controller->callAction('index', Array)
#18 D:\\xampp\\htdocs\\oohapp\\oohapp-laravel-io\\vendor\\laravel\\framework\\src\\Illuminate\\Routing\\Route.php(259): Illuminate\\Routing\\ControllerDispatcher->dispatch(Object(Illuminate\\Routing\\Route), Object(App\\Http\\Controllers\\HomeController), 'index')
#19 D:\\xampp\\htdocs\\oohapp\\oohapp-laravel-io\\vendor\\laravel\\framework\\src\\Illuminate\\Routing\\Route.php(205): Illuminate\\Routing\\Route->runController()
#20 D:\\xampp\\htdocs\\oohapp\\oohapp-laravel-io\\vendor\\laravel\\framework\\src\\Illuminate\\Routing\\Router.php(798): Illuminate\\Routing\\Route->run()
#21 D:\\xampp\\htdocs\\oohapp\\oohapp-laravel-io\\vendor\\laravel\\framework\\src\\Illuminate\\Pipeline\\Pipeline.php(141): Illuminate\\Routing\\Router->Illuminate\\Routing\\{closure}(Object(Illuminate\\Http\\Request))
#22 D:\\xampp\\htdocs\\oohapp\\oohapp-laravel-io\\app\\Http\\Middleware\\RequireChangePassword.php(41): Illuminate\\Pipeline\\Pipeline->Illuminate\\Pipeline\\{closure}(Object(Illuminate\\Http\\Request))
#23 D:\\xampp\\htdocs\\oohapp\\oohapp-laravel-io\\vendor\\laravel\\framework\\src\\Illuminate\\Pipeline\\Pipeline.php(180): App\\Http\\Middleware\\RequireChangePassword->handle(Object(Illuminate\\Http\\Request), Object(Closure))
#24 D:\\xampp\\htdocs\\oohapp\\oohapp-laravel-io\\app\\Http\\Middleware\\SetLanguageForAdmin.php(37): Illuminate\\Pipeline\\Pipeline->Illuminate\\Pipeline\\{closure}(Object(Illuminate\\Http\\Request))
#25 D:\\xampp\\htdocs\\oohapp\\oohapp-laravel-io\\vendor\\laravel\\framework\\src\\Illuminate\\Pipeline\\Pipeline.php(180): App\\Http\\Middleware\\SetLanguageForAdmin->handle(Object(Illuminate\\Http\\Request), Object(Closure))
#26 D:\\xampp\\htdocs\\oohapp\\oohapp-laravel-io\\app\\Http\\Middleware\\SetCurrentCurrency.php(48): Illuminate\\Pipeline\\Pipeline->Illuminate\\Pipeline\\{closure}(Object(Illuminate\\Http\\Request))
#27 D:\\xampp\\htdocs\\oohapp\\oohapp-laravel-io\\vendor\\laravel\\framework\\src\\Illuminate\\Pipeline\\Pipeline.php(180): App\\Http\\Middleware\\SetCurrentCurrency->handle(Object(Illuminate\\Http\\Request), Object(Closure))
#28 D:\\xampp\\htdocs\\oohapp\\oohapp-laravel-io\\app\\Http\\Middleware\\HideDebugbar.php(32): Illuminate\\Pipeline\\Pipeline->Illuminate\\Pipeline\\{closure}(Object(Illuminate\\Http\\Request))
#29 D:\\xampp\\htdocs\\oohapp\\oohapp-laravel-io\\vendor\\laravel\\framework\\src\\Illuminate\\Pipeline\\Pipeline.php(180): App\\Http\\Middleware\\HideDebugbar->handle(Object(Illuminate\\Http\\Request), Object(Closure))
#30 D:\\xampp\\htdocs\\oohapp\\oohapp-laravel-io\\app\\Http\\Middleware\\RedirectForMultiLanguage.php(58): Illuminate\\Pipeline\\Pipeline->Illuminate\\Pipeline\\{closure}(Object(Illuminate\\Http\\Request))
#31 D:\\xampp\\htdocs\\oohapp\\oohapp-laravel-io\\vendor\\laravel\\framework\\src\\Illuminate\\Pipeline\\Pipeline.php(180): App\\Http\\Middleware\\RedirectForMultiLanguage->handle(Object(Illuminate\\Http\\Request), Object(Closure))
#32 D:\\xampp\\htdocs\\oohapp\\oohapp-laravel-io\\vendor\\laravel\\framework\\src\\Illuminate\\Routing\\Middleware\\SubstituteBindings.php(50): Illuminate\\Pipeline\\Pipeline->Illuminate\\Pipeline\\{closure}(Object(Illuminate\\Http\\Request))
#33 D:\\xampp\\htdocs\\oohapp\\oohapp-laravel-io\\vendor\\laravel\\framework\\src\\Illuminate\\Pipeline\\Pipeline.php(180): Illuminate\\Routing\\Middleware\\SubstituteBindings->handle(Object(Illuminate\\Http\\Request), Object(Closure))
#34 D:\\xampp\\htdocs\\oohapp\\oohapp-laravel-io\\vendor\\laravel\\framework\\src\\Illuminate\\Foundation\\Http\\Middleware\\VerifyCsrfToken.php(78): Illuminate\\Pipeline\\Pipeline->Illuminate\\Pipeline\\{closure}(Object(Illuminate\\Http\\Request))
#35 D:\\xampp\\htdocs\\oohapp\\oohapp-laravel-io\\vendor\\laravel\\framework\\src\\Illuminate\\Pipeline\\Pipeline.php(180): Illuminate\\Foundation\\Http\\Middleware\\VerifyCsrfToken->handle(Object(Illuminate\\Http\\Request), Object(Closure))
#36 D:\\xampp\\htdocs\\oohapp\\oohapp-laravel-io\\vendor\\laravel\\framework\\src\\Illuminate\\View\\Middleware\\ShareErrorsFromSession.php(49): Illuminate\\Pipeline\\Pipeline->Illuminate\\Pipeline\\{closure}(Object(Illuminate\\Http\\Request))
#37 D:\\xampp\\htdocs\\oohapp\\oohapp-laravel-io\\vendor\\laravel\\framework\\src\\Illuminate\\Pipeline\\Pipeline.php(180): Illuminate\\View\\Middleware\\ShareErrorsFromSession->handle(Object(Illuminate\\Http\\Request), Object(Closure))
#38 D:\\xampp\\htdocs\\oohapp\\oohapp-laravel-io\\vendor\\laravel\\framework\\src\\Illuminate\\Session\\Middleware\\StartSession.php(121): Illuminate\\Pipeline\\Pipeline->Illuminate\\Pipeline\\{closure}(Object(Illuminate\\Http\\Request))
#39 D:\\xampp\\htdocs\\oohapp\\oohapp-laravel-io\\vendor\\laravel\\framework\\src\\Illuminate\\Session\\Middleware\\StartSession.php(64): Illuminate\\Session\\Middleware\\StartSession->handleStatefulRequest(Object(Illuminate\\Http\\Request), Object(Illuminate\\Session\\Store), Object(Closure))
#40 D:\\xampp\\htdocs\\oohapp\\oohapp-laravel-io\\vendor\\laravel\\framework\\src\\Illuminate\\Pipeline\\Pipeline.php(180): Illuminate\\Session\\Middleware\\StartSession->handle(Object(Illuminate\\Http\\Request), Object(Closure))
#41 D:\\xampp\\htdocs\\oohapp\\oohapp-laravel-io\\vendor\\laravel\\framework\\src\\Illuminate\\Cookie\\Middleware\\AddQueuedCookiesToResponse.php(37): Illuminate\\Pipeline\\Pipeline->Illuminate\\Pipeline\\{closure}(Object(Illuminate\\Http\\Request))
#42 D:\\xampp\\htdocs\\oohapp\\oohapp-laravel-io\\vendor\\laravel\\framework\\src\\Illuminate\\Pipeline\\Pipeline.php(180): Illuminate\\Cookie\\Middleware\\AddQueuedCookiesToResponse->handle(Object(Illuminate\\Http\\Request), Object(Closure))
#43 D:\\xampp\\htdocs\\oohapp\\oohapp-laravel-io\\vendor\\laravel\\framework\\src\\Illuminate\\Cookie\\Middleware\\EncryptCookies.php(67): Illuminate\\Pipeline\\Pipeline->Illuminate\\Pipeline\\{closure}(Object(Illuminate\\Http\\Request))
#44 D:\\xampp\\htdocs\\oohapp\\oohapp-laravel-io\\vendor\\laravel\\framework\\src\\Illuminate\\Pipeline\\Pipeline.php(180): Illuminate\\Cookie\\Middleware\\EncryptCookies->handle(Object(Illuminate\\Http\\Request), Object(Closure))
#45 D:\\xampp\\htdocs\\oohapp\\oohapp-laravel-io\\vendor\\laravel\\framework\\src\\Illuminate\\Pipeline\\Pipeline.php(116): Illuminate\\Pipeline\\Pipeline->Illuminate\\Pipeline\\{closure}(Object(Illuminate\\Http\\Request))
#46 D:\\xampp\\htdocs\\oohapp\\oohapp-laravel-io\\vendor\\laravel\\framework\\src\\Illuminate\\Routing\\Router.php(797): Illuminate\\Pipeline\\Pipeline->then(Object(Closure))
#47 D:\\xampp\\htdocs\\oohapp\\oohapp-laravel-io\\vendor\\laravel\\framework\\src\\Illuminate\\Routing\\Router.php(776): Illuminate\\Routing\\Router->runRouteWithinStack(Object(Illuminate\\Routing\\Route), Object(Illuminate\\Http\\Request))
#48 D:\\xampp\\htdocs\\oohapp\\oohapp-laravel-io\\vendor\\laravel\\framework\\src\\Illuminate\\Routing\\Router.php(740): Illuminate\\Routing\\Router->runRoute(Object(Illuminate\\Http\\Request), Object(Illuminate\\Routing\\Route))
#49 D:\\xampp\\htdocs\\oohapp\\oohapp-laravel-io\\vendor\\laravel\\framework\\src\\Illuminate\\Routing\\Router.php(729): Illuminate\\Routing\\Router->dispatchToRoute(Object(Illuminate\\Http\\Request))
#50 D:\\xampp\\htdocs\\oohapp\\oohapp-laravel-io\\vendor\\laravel\\framework\\src\\Illuminate\\Foundation\\Http\\Kernel.php(190): Illuminate\\Routing\\Router->dispatch(Object(Illuminate\\Http\\Request))
#51 D:\\xampp\\htdocs\\oohapp\\oohapp-laravel-io\\vendor\\laravel\\framework\\src\\Illuminate\\Pipeline\\Pipeline.php(141): Illuminate\\Foundation\\Http\\Kernel->Illuminate\\Foundation\\Http\\{closure}(Object(Illuminate\\Http\\Request))
#52 D:\\xampp\\htdocs\\oohapp\\oohapp-laravel-io\\themes\\Base\\Core\\Middleware\\RunUpdater.php(72): Illuminate\\Pipeline\\Pipeline->Illuminate\\Pipeline\\{closure}(Object(Illuminate\\Http\\Request))
#53 D:\\xampp\\htdocs\\oohapp\\oohapp-laravel-io\\vendor\\laravel\\framework\\src\\Illuminate\\Pipeline\\Pipeline.php(180): Themes\\Base\\Core\\Middleware\\RunUpdater->handle(Object(Illuminate\\Http\\Request), Object(Closure))
#54 D:\\xampp\\htdocs\\oohapp\\oohapp-laravel-io\\vendor\\barryvdh\\laravel-debugbar\\src\\Middleware\\InjectDebugbar.php(59): Illuminate\\Pipeline\\Pipeline->Illuminate\\Pipeline\\{closure}(Object(Illuminate\\Http\\Request))
#55 D:\\xampp\\htdocs\\oohapp\\oohapp-laravel-io\\vendor\\laravel\\framework\\src\\Illuminate\\Pipeline\\Pipeline.php(180): Barryvdh\\Debugbar\\Middleware\\InjectDebugbar->handle(Object(Illuminate\\Http\\Request), Object(Closure))
#56 D:\\xampp\\htdocs\\oohapp\\oohapp-laravel-io\\vendor\\laravel\\framework\\src\\Illuminate\\Foundation\\Http\\Middleware\\TransformsRequest.php(21): Illuminate\\Pipeline\\Pipeline->Illuminate\\Pipeline\\{closure}(Object(Illuminate\\Http\\Request))
#57 D:\\xampp\\htdocs\\oohapp\\oohapp-laravel-io\\vendor\\laravel\\framework\\src\\Illuminate\\Foundation\\Http\\Middleware\\ConvertEmptyStringsToNull.php(31): Illuminate\\Foundation\\Http\\Middleware\\TransformsRequest->handle(Object(Illuminate\\Http\\Request), Object(Closure))
#58 D:\\xampp\\htdocs\\oohapp\\oohapp-laravel-io\\vendor\\laravel\\framework\\src\\Illuminate\\Pipeline\\Pipeline.php(180): Illuminate\\Foundation\\Http\\Middleware\\ConvertEmptyStringsToNull->handle(Object(Illuminate\\Http\\Request), Object(Closure))
#59 D:\\xampp\\htdocs\\oohapp\\oohapp-laravel-io\\vendor\\laravel\\framework\\src\\Illuminate\\Foundation\\Http\\Middleware\\TransformsRequest.php(21): Illuminate\\Pipeline\\Pipeline->Illuminate\\Pipeline\\{closure}(Object(Illuminate\\Http\\Request))
#60 D:\\xampp\\htdocs\\oohapp\\oohapp-laravel-io\\vendor\\laravel\\framework\\src\\Illuminate\\Foundation\\Http\\Middleware\\TrimStrings.php(40): Illuminate\\Foundation\\Http\\Middleware\\TransformsRequest->handle(Object(Illuminate\\Http\\Request), Object(Closure))
#61 D:\\xampp\\htdocs\\oohapp\\oohapp-laravel-io\\vendor\\laravel\\framework\\src\\Illuminate\\Pipeline\\Pipeline.php(180): Illuminate\\Foundation\\Http\\Middleware\\TrimStrings->handle(Object(Illuminate\\Http\\Request), Object(Closure))
#62 D:\\xampp\\htdocs\\oohapp\\oohapp-laravel-io\\vendor\\laravel\\framework\\src\\Illuminate\\Foundation\\Http\\Middleware\\ValidatePostSize.php(27): Illuminate\\Pipeline\\Pipeline->Illuminate\\Pipeline\\{closure}(Object(Illuminate\\Http\\Request))
#63 D:\\xampp\\htdocs\\oohapp\\oohapp-laravel-io\\vendor\\laravel\\framework\\src\\Illuminate\\Pipeline\\Pipeline.php(180): Illuminate\\Foundation\\Http\\Middleware\\ValidatePostSize->handle(Object(Illuminate\\Http\\Request), Object(Closure))
#64 D:\\xampp\\htdocs\\oohapp\\oohapp-laravel-io\\vendor\\laravel\\framework\\src\\Illuminate\\Foundation\\Http\\Middleware\\PreventRequestsDuringMaintenance.php(86): Illuminate\\Pipeline\\Pipeline->Illuminate\\Pipeline\\{closure}(Object(Illuminate\\Http\\Request))
#65 D:\\xampp\\htdocs\\oohapp\\oohapp-laravel-io\\vendor\\laravel\\framework\\src\\Illuminate\\Pipeline\\Pipeline.php(180): Illuminate\\Foundation\\Http\\Middleware\\PreventRequestsDuringMaintenance->handle(Object(Illuminate\\Http\\Request), Object(Closure))
#66 D:\\xampp\\htdocs\\oohapp\\oohapp-laravel-io\\vendor\\laravel\\framework\\src\\Illuminate\\Http\\Middleware\\HandleCors.php(49): Illuminate\\Pipeline\\Pipeline->Illuminate\\Pipeline\\{closure}(Object(Illuminate\\Http\\Request))
#67 D:\\xampp\\htdocs\\oohapp\\oohapp-laravel-io\\vendor\\laravel\\framework\\src\\Illuminate\\Pipeline\\Pipeline.php(180): Illuminate\\Http\\Middleware\\HandleCors->handle(Object(Illuminate\\Http\\Request), Object(Closure))
#68 D:\\xampp\\htdocs\\oohapp\\oohapp-laravel-io\\app\\Http\\Middleware\\RedirectToInstaller.php(40): Illuminate\\Pipeline\\Pipeline->Illuminate\\Pipeline\\{closure}(Object(Illuminate\\Http\\Request))
#69 D:\\xampp\\htdocs\\oohapp\\oohapp-laravel-io\\vendor\\laravel\\framework\\src\\Illuminate\\Pipeline\\Pipeline.php(180): App\\Http\\Middleware\\RedirectToInstaller->handle(Object(Illuminate\\Http\\Request), Object(Closure))
#70 D:\\xampp\\htdocs\\oohapp\\oohapp-laravel-io\\vendor\\laravel\\framework\\src\\Illuminate\\Http\\Middleware\\TrustProxies.php(39): Illuminate\\Pipeline\\Pipeline->Illuminate\\Pipeline\\{closure}(Object(Illuminate\\Http\\Request))
#71 D:\\xampp\\htdocs\\oohapp\\oohapp-laravel-io\\vendor\\laravel\\framework\\src\\Illuminate\\Pipeline\\Pipeline.php(180): Illuminate\\Http\\Middleware\\TrustProxies->handle(Object(Illuminate\\Http\\Request), Object(Closure))
#72 D:\\xampp\\htdocs\\oohapp\\oohapp-laravel-io\\vendor\\laravel\\framework\\src\\Illuminate\\Pipeline\\Pipeline.php(116): Illuminate\\Pipeline\\Pipeline->Illuminate\\Pipeline\\{closure}(Object(Illuminate\\Http\\Request))
#73 D:\\xampp\\htdocs\\oohapp\\oohapp-laravel-io\\vendor\\laravel\\framework\\src\\Illuminate\\Foundation\\Http\\Kernel.php(165): Illuminate\\Pipeline\\Pipeline->then(Object(Closure))
#74 D:\\xampp\\htdocs\\oohapp\\oohapp-laravel-io\\vendor\\laravel\\framework\\src\\Illuminate\\Foundation\\Http\\Kernel.php(134): Illuminate\\Foundation\\Http\\Kernel->sendRequestThroughRouter(Object(Illuminate\\Http\\Request))
#75 D:\\xampp\\htdocs\\oohapp\\oohapp-laravel-io\\public\\index.php(71): Illuminate\\Foundation\\Http\\Kernel->handle(Object(Illuminate\\Http\\Request))
#76 D:\\xampp\\htdocs\\oohapp\\oohapp-laravel-io\\vendor\\laravel\\framework\\src\\Illuminate\\Foundation\\resources\\server.php(16): require_once('D:\\\\xampp\\\\htdocs...')
#77 {main}

[previous exception] [object] (PDOException(code: 3D000): SQLSTATE[3D000]: Invalid catalog name: 1046 No database selected at D:\\xampp\\htdocs\\oohapp\\oohapp-laravel-io\\vendor\\laravel\\framework\\src\\Illuminate\\Database\\Connection.php:414)
[stacktrace]
#0 D:\\xampp\\htdocs\\oohapp\\oohapp-laravel-io\\vendor\\laravel\\framework\\src\\Illuminate\\Database\\Connection.php(414): PDO->prepare('select * from `...')
#1 D:\\xampp\\htdocs\\oohapp\\oohapp-laravel-io\\vendor\\laravel\\framework\\src\\Illuminate\\Database\\Connection.php(753): Illuminate\\Database\\Connection->Illuminate\\Database\\{closure}('select * from `...', Array)
#2 D:\\xampp\\htdocs\\oohapp\\oohapp-laravel-io\\vendor\\laravel\\framework\\src\\Illuminate\\Database\\Connection.php(720): Illuminate\\Database\\Connection->runQueryCallback('select * from `...', Array, Object(Closure))
#3 D:\\xampp\\htdocs\\oohapp\\oohapp-laravel-io\\vendor\\laravel\\framework\\src\\Illuminate\\Database\\Connection.php(405): Illuminate\\Database\\Connection->run('select * from `...', Array, Object(Closure))
#4 D:\\xampp\\htdocs\\oohapp\\oohapp-laravel-io\\vendor\\laravel\\framework\\src\\Illuminate\\Database\\Query\\Builder.php(2653): Illuminate\\Database\\Connection->select('select * from `...', Array, true)
#5 D:\\xampp\\htdocs\\oohapp\\oohapp-laravel-io\\vendor\\laravel\\framework\\src\\Illuminate\\Database\\Query\\Builder.php(2642): Illuminate\\Database\\Query\\Builder->runSelect()
#6 D:\\xampp\\htdocs\\oohapp\\oohapp-laravel-io\\vendor\\laravel\\framework\\src\\Illuminate\\Database\\Query\\Builder.php(3178): Illuminate\\Database\\Query\\Builder->Illuminate\\Database\\Query\\{closure}()
#7 D:\\xampp\\htdocs\\oohapp\\oohapp-laravel-io\\vendor\\laravel\\framework\\src\\Illuminate\\Database\\Query\\Builder.php(2641): Illuminate\\Database\\Query\\Builder->onceWithColumns(Array, Object(Closure))
#8 D:\\xampp\\htdocs\\oohapp\\oohapp-laravel-io\\vendor\\laravel\\framework\\src\\Illuminate\\Database\\Eloquent\\Builder.php(710): Illuminate\\Database\\Query\\Builder->get(Array)
#9 D:\\xampp\\htdocs\\oohapp\\oohapp-laravel-io\\vendor\\laravel\\framework\\src\\Illuminate\\Database\\Eloquent\\Builder.php(694): Illuminate\\Database\\Eloquent\\Builder->getModels(Array)
#10 D:\\xampp\\htdocs\\oohapp\\oohapp-laravel-io\\vendor\\laravel\\framework\\src\\Illuminate\\Database\\Concerns\\BuildsQueries.php(296): Illuminate\\Database\\Eloquent\\Builder->get(Array)
#11 D:\\xampp\\htdocs\\oohapp\\oohapp-laravel-io\\modules\\Core\\Models\\Settings.php(36): Illuminate\\Database\\Eloquent\\Builder->first()
#12 D:\\xampp\\htdocs\\oohapp\\oohapp-laravel-io\\vendor\\laravel\\framework\\src\\Illuminate\\Cache\\Repository.php(436): Modules\\Core\\Models\\Settings::Modules\\Core\\Models\\{closure}()
#13 D:\\xampp\\htdocs\\oohapp\\oohapp-laravel-io\\vendor\\laravel\\framework\\src\\Illuminate\\Cache\\CacheManager.php(419): Illuminate\\Cache\\Repository->rememberForever('setting_home_pa...', Object(Closure))
#14 D:\\xampp\\htdocs\\oohapp\\oohapp-laravel-io\\vendor\\laravel\\framework\\src\\Illuminate\\Support\\Facades\\Facade.php(338): Illuminate\\Cache\\CacheManager->__call('rememberForever', Array)
#15 D:\\xampp\\htdocs\\oohapp\\oohapp-laravel-io\\modules\\Core\\Models\\Settings.php(35): Illuminate\\Support\\Facades\\Facade::__callStatic('rememberForever', Array)
#16 D:\\xampp\\htdocs\\oohapp\\oohapp-laravel-io\\app\\Helpers\\AppHelper.php(18): Modules\\Core\\Models\\Settings::item('home_page_id', '')
#17 D:\\xampp\\htdocs\\oohapp\\oohapp-laravel-io\\app\\Http\\Controllers\\HomeController.php(71): setting_item('home_page_id')
#18 D:\\xampp\\htdocs\\oohapp\\oohapp-laravel-io\\vendor\\laravel\\framework\\src\\Illuminate\\Routing\\Controller.php(54): App\\Http\\Controllers\\HomeController->index()
#19 D:\\xampp\\htdocs\\oohapp\\oohapp-laravel-io\\vendor\\laravel\\framework\\src\\Illuminate\\Routing\\ControllerDispatcher.php(43): Illuminate\\Routing\\Controller->callAction('index', Array)
#20 D:\\xampp\\htdocs\\oohapp\\oohapp-laravel-io\\vendor\\laravel\\framework\\src\\Illuminate\\Routing\\Route.php(259): Illuminate\\Routing\\ControllerDispatcher->dispatch(Object(Illuminate\\Routing\\Route), Object(App\\Http\\Controllers\\HomeController), 'index')
#21 D:\\xampp\\htdocs\\oohapp\\oohapp-laravel-io\\vendor\\laravel\\framework\\src\\Illuminate\\Routing\\Route.php(205): Illuminate\\Routing\\Route->runController()
#22 D:\\xampp\\htdocs\\oohapp\\oohapp-laravel-io\\vendor\\laravel\\framework\\src\\Illuminate\\Routing\\Router.php(798): Illuminate\\Routing\\Route->run()
#23 D:\\xampp\\htdocs\\oohapp\\oohapp-laravel-io\\vendor\\laravel\\framework\\src\\Illuminate\\Pipeline\\Pipeline.php(141): Illuminate\\Routing\\Router->Illuminate\\Routing\\{closure}(Object(Illuminate\\Http\\Request))
#24 D:\\xampp\\htdocs\\oohapp\\oohapp-laravel-io\\app\\Http\\Middleware\\RequireChangePassword.php(41): Illuminate\\Pipeline\\Pipeline->Illuminate\\Pipeline\\{closure}(Object(Illuminate\\Http\\Request))
#25 D:\\xampp\\htdocs\\oohapp\\oohapp-laravel-io\\vendor\\laravel\\framework\\src\\Illuminate\\Pipeline\\Pipeline.php(180): App\\Http\\Middleware\\RequireChangePassword->handle(Object(Illuminate\\Http\\Request), Object(Closure))
#26 D:\\xampp\\htdocs\\oohapp\\oohapp-laravel-io\\app\\Http\\Middleware\\SetLanguageForAdmin.php(37): Illuminate\\Pipeline\\Pipeline->Illuminate\\Pipeline\\{closure}(Object(Illuminate\\Http\\Request))
#27 D:\\xampp\\htdocs\\oohapp\\oohapp-laravel-io\\vendor\\laravel\\framework\\src\\Illuminate\\Pipeline\\Pipeline.php(180): App\\Http\\Middleware\\SetLanguageForAdmin->handle(Object(Illuminate\\Http\\Request), Object(Closure))
#28 D:\\xampp\\htdocs\\oohapp\\oohapp-laravel-io\\app\\Http\\Middleware\\SetCurrentCurrency.php(48): Illuminate\\Pipeline\\Pipeline->Illuminate\\Pipeline\\{closure}(Object(Illuminate\\Http\\Request))
#29 D:\\xampp\\htdocs\\oohapp\\oohapp-laravel-io\\vendor\\laravel\\framework\\src\\Illuminate\\Pipeline\\Pipeline.php(180): App\\Http\\Middleware\\SetCurrentCurrency->handle(Object(Illuminate\\Http\\Request), Object(Closure))
#30 D:\\xampp\\htdocs\\oohapp\\oohapp-laravel-io\\app\\Http\\Middleware\\HideDebugbar.php(32): Illuminate\\Pipeline\\Pipeline->Illuminate\\Pipeline\\{closure}(Object(Illuminate\\Http\\Request))
#31 D:\\xampp\\htdocs\\oohapp\\oohapp-laravel-io\\vendor\\laravel\\framework\\src\\Illuminate\\Pipeline\\Pipeline.php(180): App\\Http\\Middleware\\HideDebugbar->handle(Object(Illuminate\\Http\\Request), Object(Closure))
#32 D:\\xampp\\htdocs\\oohapp\\oohapp-laravel-io\\app\\Http\\Middleware\\RedirectForMultiLanguage.php(58): Illuminate\\Pipeline\\Pipeline->Illuminate\\Pipeline\\{closure}(Object(Illuminate\\Http\\Request))
#33 D:\\xampp\\htdocs\\oohapp\\oohapp-laravel-io\\vendor\\laravel\\framework\\src\\Illuminate\\Pipeline\\Pipeline.php(180): App\\Http\\Middleware\\RedirectForMultiLanguage->handle(Object(Illuminate\\Http\\Request), Object(Closure))
#34 D:\\xampp\\htdocs\\oohapp\\oohapp-laravel-io\\vendor\\laravel\\framework\\src\\Illuminate\\Routing\\Middleware\\SubstituteBindings.php(50): Illuminate\\Pipeline\\Pipeline->Illuminate\\Pipeline\\{closure}(Object(Illuminate\\Http\\Request))
#35 D:\\xampp\\htdocs\\oohapp\\oohapp-laravel-io\\vendor\\laravel\\framework\\src\\Illuminate\\Pipeline\\Pipeline.php(180): Illuminate\\Routing\\Middleware\\SubstituteBindings->handle(Object(Illuminate\\Http\\Request), Object(Closure))
#36 D:\\xampp\\htdocs\\oohapp\\oohapp-laravel-io\\vendor\\laravel\\framework\\src\\Illuminate\\Foundation\\Http\\Middleware\\VerifyCsrfToken.php(78): Illuminate\\Pipeline\\Pipeline->Illuminate\\Pipeline\\{closure}(Object(Illuminate\\Http\\Request))
#37 D:\\xampp\\htdocs\\oohapp\\oohapp-laravel-io\\vendor\\laravel\\framework\\src\\Illuminate\\Pipeline\\Pipeline.php(180): Illuminate\\Foundation\\Http\\Middleware\\VerifyCsrfToken->handle(Object(Illuminate\\Http\\Request), Object(Closure))
#38 D:\\xampp\\htdocs\\oohapp\\oohapp-laravel-io\\vendor\\laravel\\framework\\src\\Illuminate\\View\\Middleware\\ShareErrorsFromSession.php(49): Illuminate\\Pipeline\\Pipeline->Illuminate\\Pipeline\\{closure}(Object(Illuminate\\Http\\Request))
#39 D:\\xampp\\htdocs\\oohapp\\oohapp-laravel-io\\vendor\\laravel\\framework\\src\\Illuminate\\Pipeline\\Pipeline.php(180): Illuminate\\View\\Middleware\\ShareErrorsFromSession->handle(Object(Illuminate\\Http\\Request), Object(Closure))
#40 D:\\xampp\\htdocs\\oohapp\\oohapp-laravel-io\\vendor\\laravel\\framework\\src\\Illuminate\\Session\\Middleware\\StartSession.php(121): Illuminate\\Pipeline\\Pipeline->Illuminate\\Pipeline\\{closure}(Object(Illuminate\\Http\\Request))
#41 D:\\xampp\\htdocs\\oohapp\\oohapp-laravel-io\\vendor\\laravel\\framework\\src\\Illuminate\\Session\\Middleware\\StartSession.php(64): Illuminate\\Session\\Middleware\\StartSession->handleStatefulRequest(Object(Illuminate\\Http\\Request), Object(Illuminate\\Session\\Store), Object(Closure))
#42 D:\\xampp\\htdocs\\oohapp\\oohapp-laravel-io\\vendor\\laravel\\framework\\src\\Illuminate\\Pipeline\\Pipeline.php(180): Illuminate\\Session\\Middleware\\StartSession->handle(Object(Illuminate\\Http\\Request), Object(Closure))
#43 D:\\xampp\\htdocs\\oohapp\\oohapp-laravel-io\\vendor\\laravel\\framework\\src\\Illuminate\\Cookie\\Middleware\\AddQueuedCookiesToResponse.php(37): Illuminate\\Pipeline\\Pipeline->Illuminate\\Pipeline\\{closure}(Object(Illuminate\\Http\\Request))
#44 D:\\xampp\\htdocs\\oohapp\\oohapp-laravel-io\\vendor\\laravel\\framework\\src\\Illuminate\\Pipeline\\Pipeline.php(180): Illuminate\\Cookie\\Middleware\\AddQueuedCookiesToResponse->handle(Object(Illuminate\\Http\\Request), Object(Closure))
#45 D:\\xampp\\htdocs\\oohapp\\oohapp-laravel-io\\vendor\\laravel\\framework\\src\\Illuminate\\Cookie\\Middleware\\EncryptCookies.php(67): Illuminate\\Pipeline\\Pipeline->Illuminate\\Pipeline\\{closure}(Object(Illuminate\\Http\\Request))
#46 D:\\xampp\\htdocs\\oohapp\\oohapp-laravel-io\\vendor\\laravel\\framework\\src\\Illuminate\\Pipeline\\Pipeline.php(180): Illuminate\\Cookie\\Middleware\\EncryptCookies->handle(Object(Illuminate\\Http\\Request), Object(Closure))
#47 D:\\xampp\\htdocs\\oohapp\\oohapp-laravel-io\\vendor\\laravel\\framework\\src\\Illuminate\\Pipeline\\Pipeline.php(116): Illuminate\\Pipeline\\Pipeline->Illuminate\\Pipeline\\{closure}(Object(Illuminate\\Http\\Request))
#48 D:\\xampp\\htdocs\\oohapp\\oohapp-laravel-io\\vendor\\laravel\\framework\\src\\Illuminate\\Routing\\Router.php(797): Illuminate\\Pipeline\\Pipeline->then(Object(Closure))
#49 D:\\xampp\\htdocs\\oohapp\\oohapp-laravel-io\\vendor\\laravel\\framework\\src\\Illuminate\\Routing\\Router.php(776): Illuminate\\Routing\\Router->runRouteWithinStack(Object(Illuminate\\Routing\\Route), Object(Illuminate\\Http\\Request))
#50 D:\\xampp\\htdocs\\oohapp\\oohapp-laravel-io\\vendor\\laravel\\framework\\src\\Illuminate\\Routing\\Router.php(740): Illuminate\\Routing\\Router->runRoute(Object(Illuminate\\Http\\Request), Object(Illuminate\\Routing\\Route))
#51 D:\\xampp\\htdocs\\oohapp\\oohapp-laravel-io\\vendor\\laravel\\framework\\src\\Illuminate\\Routing\\Router.php(729): Illuminate\\Routing\\Router->dispatchToRoute(Object(Illuminate\\Http\\Request))
#52 D:\\xampp\\htdocs\\oohapp\\oohapp-laravel-io\\vendor\\laravel\\framework\\src\\Illuminate\\Foundation\\Http\\Kernel.php(190): Illuminate\\Routing\\Router->dispatch(Object(Illuminate\\Http\\Request))
#53 D:\\xampp\\htdocs\\oohapp\\oohapp-laravel-io\\vendor\\laravel\\framework\\src\\Illuminate\\Pipeline\\Pipeline.php(141): Illuminate\\Foundation\\Http\\Kernel->Illuminate\\Foundation\\Http\\{closure}(Object(Illuminate\\Http\\Request))
#54 D:\\xampp\\htdocs\\oohapp\\oohapp-laravel-io\\themes\\Base\\Core\\Middleware\\RunUpdater.php(72): Illuminate\\Pipeline\\Pipeline->Illuminate\\Pipeline\\{closure}(Object(Illuminate\\Http\\Request))
#55 D:\\xampp\\htdocs\\oohapp\\oohapp-laravel-io\\vendor\\laravel\\framework\\src\\Illuminate\\Pipeline\\Pipeline.php(180): Themes\\Base\\Core\\Middleware\\RunUpdater->handle(Object(Illuminate\\Http\\Request), Object(Closure))
#56 D:\\xampp\\htdocs\\oohapp\\oohapp-laravel-io\\vendor\\barryvdh\\laravel-debugbar\\src\\Middleware\\InjectDebugbar.php(59): Illuminate\\Pipeline\\Pipeline->Illuminate\\Pipeline\\{closure}(Object(Illuminate\\Http\\Request))
#57 D:\\xampp\\htdocs\\oohapp\\oohapp-laravel-io\\vendor\\laravel\\framework\\src\\Illuminate\\Pipeline\\Pipeline.php(180): Barryvdh\\Debugbar\\Middleware\\InjectDebugbar->handle(Object(Illuminate\\Http\\Request), Object(Closure))
#58 D:\\xampp\\htdocs\\oohapp\\oohapp-laravel-io\\vendor\\laravel\\framework\\src\\Illuminate\\Foundation\\Http\\Middleware\\TransformsRequest.php(21): Illuminate\\Pipeline\\Pipeline->Illuminate\\Pipeline\\{closure}(Object(Illuminate\\Http\\Request))
#59 D:\\xampp\\htdocs\\oohapp\\oohapp-laravel-io\\vendor\\laravel\\framework\\src\\Illuminate\\Foundation\\Http\\Middleware\\ConvertEmptyStringsToNull.php(31): Illuminate\\Foundation\\Http\\Middleware\\TransformsRequest->handle(Object(Illuminate\\Http\\Request), Object(Closure))
#60 D:\\xampp\\htdocs\\oohapp\\oohapp-laravel-io\\vendor\\laravel\\framework\\src\\Illuminate\\Pipeline\\Pipeline.php(180): Illuminate\\Foundation\\Http\\Middleware\\ConvertEmptyStringsToNull->handle(Object(Illuminate\\Http\\Request), Object(Closure))
#61 D:\\xampp\\htdocs\\oohapp\\oohapp-laravel-io\\vendor\\laravel\\framework\\src\\Illuminate\\Foundation\\Http\\Middleware\\TransformsRequest.php(21): Illuminate\\Pipeline\\Pipeline->Illuminate\\Pipeline\\{closure}(Object(Illuminate\\Http\\Request))
#62 D:\\xampp\\htdocs\\oohapp\\oohapp-laravel-io\\vendor\\laravel\\framework\\src\\Illuminate\\Foundation\\Http\\Middleware\\TrimStrings.php(40): Illuminate\\Foundation\\Http\\Middleware\\TransformsRequest->handle(Object(Illuminate\\Http\\Request), Object(Closure))
#63 D:\\xampp\\htdocs\\oohapp\\oohapp-laravel-io\\vendor\\laravel\\framework\\src\\Illuminate\\Pipeline\\Pipeline.php(180): Illuminate\\Foundation\\Http\\Middleware\\TrimStrings->handle(Object(Illuminate\\Http\\Request), Object(Closure))
#64 D:\\xampp\\htdocs\\oohapp\\oohapp-laravel-io\\vendor\\laravel\\framework\\src\\Illuminate\\Foundation\\Http\\Middleware\\ValidatePostSize.php(27): Illuminate\\Pipeline\\Pipeline->Illuminate\\Pipeline\\{closure}(Object(Illuminate\\Http\\Request))
#65 D:\\xampp\\htdocs\\oohapp\\oohapp-laravel-io\\vendor\\laravel\\framework\\src\\Illuminate\\Pipeline\\Pipeline.php(180): Illuminate\\Foundation\\Http\\Middleware\\ValidatePostSize->handle(Object(Illuminate\\Http\\Request), Object(Closure))
#66 D:\\xampp\\htdocs\\oohapp\\oohapp-laravel-io\\vendor\\laravel\\framework\\src\\Illuminate\\Foundation\\Http\\Middleware\\PreventRequestsDuringMaintenance.php(86): Illuminate\\Pipeline\\Pipeline->Illuminate\\Pipeline\\{closure}(Object(Illuminate\\Http\\Request))
#67 D:\\xampp\\htdocs\\oohapp\\oohapp-laravel-io\\vendor\\laravel\\framework\\src\\Illuminate\\Pipeline\\Pipeline.php(180): Illuminate\\Foundation\\Http\\Middleware\\PreventRequestsDuringMaintenance->handle(Object(Illuminate\\Http\\Request), Object(Closure))
#68 D:\\xampp\\htdocs\\oohapp\\oohapp-laravel-io\\vendor\\laravel\\framework\\src\\Illuminate\\Http\\Middleware\\HandleCors.php(49): Illuminate\\Pipeline\\Pipeline->Illuminate\\Pipeline\\{closure}(Object(Illuminate\\Http\\Request))
#69 D:\\xampp\\htdocs\\oohapp\\oohapp-laravel-io\\vendor\\laravel\\framework\\src\\Illuminate\\Pipeline\\Pipeline.php(180): Illuminate\\Http\\Middleware\\HandleCors->handle(Object(Illuminate\\Http\\Request), Object(Closure))
#70 D:\\xampp\\htdocs\\oohapp\\oohapp-laravel-io\\app\\Http\\Middleware\\RedirectToInstaller.php(40): Illuminate\\Pipeline\\Pipeline->Illuminate\\Pipeline\\{closure}(Object(Illuminate\\Http\\Request))
#71 D:\\xampp\\htdocs\\oohapp\\oohapp-laravel-io\\vendor\\laravel\\framework\\src\\Illuminate\\Pipeline\\Pipeline.php(180): App\\Http\\Middleware\\RedirectToInstaller->handle(Object(Illuminate\\Http\\Request), Object(Closure))
#72 D:\\xampp\\htdocs\\oohapp\\oohapp-laravel-io\\vendor\\laravel\\framework\\src\\Illuminate\\Http\\Middleware\\TrustProxies.php(39): Illuminate\\Pipeline\\Pipeline->Illuminate\\Pipeline\\{closure}(Object(Illuminate\\Http\\Request))
#73 D:\\xampp\\htdocs\\oohapp\\oohapp-laravel-io\\vendor\\laravel\\framework\\src\\Illuminate\\Pipeline\\Pipeline.php(180): Illuminate\\Http\\Middleware\\TrustProxies->handle(Object(Illuminate\\Http\\Request), Object(Closure))
#74 D:\\xampp\\htdocs\\oohapp\\oohapp-laravel-io\\vendor\\laravel\\framework\\src\\Illuminate\\Pipeline\\Pipeline.php(116): Illuminate\\Pipeline\\Pipeline->Illuminate\\Pipeline\\{closure}(Object(Illuminate\\Http\\Request))
#75 D:\\xampp\\htdocs\\oohapp\\oohapp-laravel-io\\vendor\\laravel\\framework\\src\\Illuminate\\Foundation\\Http\\Kernel.php(165): Illuminate\\Pipeline\\Pipeline->then(Object(Closure))
#76 D:\\xampp\\htdocs\\oohapp\\oohapp-laravel-io\\vendor\\laravel\\framework\\src\\Illuminate\\Foundation\\Http\\Kernel.php(134): Illuminate\\Foundation\\Http\\Kernel->sendRequestThroughRouter(Object(Illuminate\\Http\\Request))
#77 D:\\xampp\\htdocs\\oohapp\\oohapp-laravel-io\\public\\index.php(71): Illuminate\\Foundation\\Http\\Kernel->handle(Object(Illuminate\\Http\\Request))
#78 D:\\xampp\\htdocs\\oohapp\\oohapp-laravel-io\\vendor\\laravel\\framework\\src\\Illuminate\\Foundation\\resources\\server.php(16): require_once('D:\\\\xampp\\\\htdocs...')
#79 {main}
"} 
[2024-12-20 05:13:58] local.ERROR: SQLSTATE[3D000]: Invalid catalog name: 1046 No database selected (SQL: select * from `core_settings` where `name` = site_locale limit 1) {"exception":"[object] (Illuminate\\Database\\QueryException(code: 3D000): SQLSTATE[3D000]: Invalid catalog name: 1046 No database selected (SQL: select * from `core_settings` where `name` = site_locale limit 1) at D:\\xampp\\htdocs\\oohapp\\oohapp-laravel-io\\vendor\\laravel\\framework\\src\\Illuminate\\Database\\Connection.php:760)
[stacktrace]
#0 D:\\xampp\\htdocs\\oohapp\\oohapp-laravel-io\\vendor\\laravel\\framework\\src\\Illuminate\\Database\\Connection.php(720): Illuminate\\Database\\Connection->runQueryCallback('select * from `...', Array, Object(Closure))
#1 D:\\xampp\\htdocs\\oohapp\\oohapp-laravel-io\\vendor\\laravel\\framework\\src\\Illuminate\\Database\\Connection.php(405): Illuminate\\Database\\Connection->run('select * from `...', Array, Object(Closure))
#2 D:\\xampp\\htdocs\\oohapp\\oohapp-laravel-io\\vendor\\laravel\\framework\\src\\Illuminate\\Database\\Query\\Builder.php(2653): Illuminate\\Database\\Connection->select('select * from `...', Array, true)
#3 D:\\xampp\\htdocs\\oohapp\\oohapp-laravel-io\\vendor\\laravel\\framework\\src\\Illuminate\\Database\\Query\\Builder.php(2642): Illuminate\\Database\\Query\\Builder->runSelect()
#4 D:\\xampp\\htdocs\\oohapp\\oohapp-laravel-io\\vendor\\laravel\\framework\\src\\Illuminate\\Database\\Query\\Builder.php(3178): Illuminate\\Database\\Query\\Builder->Illuminate\\Database\\Query\\{closure}()
#5 D:\\xampp\\htdocs\\oohapp\\oohapp-laravel-io\\vendor\\laravel\\framework\\src\\Illuminate\\Database\\Query\\Builder.php(2641): Illuminate\\Database\\Query\\Builder->onceWithColumns(Array, Object(Closure))
#6 D:\\xampp\\htdocs\\oohapp\\oohapp-laravel-io\\vendor\\laravel\\framework\\src\\Illuminate\\Database\\Eloquent\\Builder.php(710): Illuminate\\Database\\Query\\Builder->get(Array)
#7 D:\\xampp\\htdocs\\oohapp\\oohapp-laravel-io\\vendor\\laravel\\framework\\src\\Illuminate\\Database\\Eloquent\\Builder.php(694): Illuminate\\Database\\Eloquent\\Builder->getModels(Array)
#8 D:\\xampp\\htdocs\\oohapp\\oohapp-laravel-io\\vendor\\laravel\\framework\\src\\Illuminate\\Database\\Concerns\\BuildsQueries.php(296): Illuminate\\Database\\Eloquent\\Builder->get(Array)
#9 D:\\xampp\\htdocs\\oohapp\\oohapp-laravel-io\\modules\\Core\\Models\\Settings.php(36): Illuminate\\Database\\Eloquent\\Builder->first()
#10 D:\\xampp\\htdocs\\oohapp\\oohapp-laravel-io\\vendor\\laravel\\framework\\src\\Illuminate\\Cache\\Repository.php(436): Modules\\Core\\Models\\Settings::Modules\\Core\\Models\\{closure}()
#11 D:\\xampp\\htdocs\\oohapp\\oohapp-laravel-io\\vendor\\laravel\\framework\\src\\Illuminate\\Cache\\CacheManager.php(419): Illuminate\\Cache\\Repository->rememberForever('setting_site_lo...', Object(Closure))
#12 D:\\xampp\\htdocs\\oohapp\\oohapp-laravel-io\\vendor\\laravel\\framework\\src\\Illuminate\\Support\\Facades\\Facade.php(338): Illuminate\\Cache\\CacheManager->__call('rememberForever', Array)
#13 D:\\xampp\\htdocs\\oohapp\\oohapp-laravel-io\\modules\\Core\\Models\\Settings.php(35): Illuminate\\Support\\Facades\\Facade::__callStatic('rememberForever', Array)
#14 D:\\xampp\\htdocs\\oohapp\\oohapp-laravel-io\\app\\Helpers\\AppHelper.php(18): Modules\\Core\\Models\\Settings::item('site_locale', '')
#15 D:\\xampp\\htdocs\\oohapp\\oohapp-laravel-io\\modules\\Language\\Models\\Language.php(33): setting_item('site_locale')
#16 D:\\xampp\\htdocs\\oohapp\\oohapp-laravel-io\\vendor\\laravel\\framework\\src\\Illuminate\\Cache\\Repository.php(436): Modules\\Language\\Models\\Language::Modules\\Language\\Models\\{closure}()
#17 D:\\xampp\\htdocs\\oohapp\\oohapp-laravel-io\\vendor\\laravel\\framework\\src\\Illuminate\\Cache\\CacheManager.php(419): Illuminate\\Cache\\Repository->rememberForever('locale_active_1', Object(Closure))
#18 D:\\xampp\\htdocs\\oohapp\\oohapp-laravel-io\\vendor\\laravel\\framework\\src\\Illuminate\\Support\\Facades\\Facade.php(338): Illuminate\\Cache\\CacheManager->__call('rememberForever', Array)
#19 D:\\xampp\\htdocs\\oohapp\\oohapp-laravel-io\\modules\\Language\\Models\\Language.php(28): Illuminate\\Support\\Facades\\Facade::__callStatic('rememberForever', Array)
#20 D:\\xampp\\htdocs\\oohapp\\oohapp-laravel-io\\app\\Providers\\AppServiceProvider.php(196): Modules\\Language\\Models\\Language::getActive()
#21 D:\\xampp\\htdocs\\oohapp\\oohapp-laravel-io\\app\\Providers\\AppServiceProvider.php(42): App\\Providers\\AppServiceProvider->setLang()
#22 D:\\xampp\\htdocs\\oohapp\\oohapp-laravel-io\\vendor\\laravel\\framework\\src\\Illuminate\\Container\\BoundMethod.php(36): App\\Providers\\AppServiceProvider->boot(Object(Illuminate\\Http\\Request))
#23 D:\\xampp\\htdocs\\oohapp\\oohapp-laravel-io\\vendor\\laravel\\framework\\src\\Illuminate\\Container\\Util.php(41): Illuminate\\Container\\BoundMethod::Illuminate\\Container\\{closure}()
#24 D:\\xampp\\htdocs\\oohapp\\oohapp-laravel-io\\vendor\\laravel\\framework\\src\\Illuminate\\Container\\BoundMethod.php(93): Illuminate\\Container\\Util::unwrapIfClosure(Object(Closure))
#25 D:\\xampp\\htdocs\\oohapp\\oohapp-laravel-io\\vendor\\laravel\\framework\\src\\Illuminate\\Container\\BoundMethod.php(35): Illuminate\\Container\\BoundMethod::callBoundMethod(Object(Illuminate\\Foundation\\Application), Array, Object(Closure))
#26 D:\\xampp\\htdocs\\oohapp\\oohapp-laravel-io\\vendor\\laravel\\framework\\src\\Illuminate\\Container\\Container.php(651): Illuminate\\Container\\BoundMethod::call(Object(Illuminate\\Foundation\\Application), Array, Array, NULL)
#27 D:\\xampp\\htdocs\\oohapp\\oohapp-laravel-io\\vendor\\laravel\\framework\\src\\Illuminate\\Foundation\\Application.php(933): Illuminate\\Container\\Container->call(Array)
#28 D:\\xampp\\htdocs\\oohapp\\oohapp-laravel-io\\vendor\\laravel\\framework\\src\\Illuminate\\Foundation\\Application.php(914): Illuminate\\Foundation\\Application->bootProvider(Object(App\\Providers\\AppServiceProvider))
#29 [internal function]: Illuminate\\Foundation\\Application->Illuminate\\Foundation\\{closure}(Object(App\\Providers\\AppServiceProvider), 35)
#30 D:\\xampp\\htdocs\\oohapp\\oohapp-laravel-io\\vendor\\laravel\\framework\\src\\Illuminate\\Foundation\\Application.php(913): array_walk(Array, Object(Closure))
#31 D:\\xampp\\htdocs\\oohapp\\oohapp-laravel-io\\vendor\\laravel\\framework\\src\\Illuminate\\Foundation\\Bootstrap\\BootProviders.php(17): Illuminate\\Foundation\\Application->boot()
#32 D:\\xampp\\htdocs\\oohapp\\oohapp-laravel-io\\vendor\\laravel\\framework\\src\\Illuminate\\Foundation\\Application.php(242): Illuminate\\Foundation\\Bootstrap\\BootProviders->bootstrap(Object(Illuminate\\Foundation\\Application))
#33 D:\\xampp\\htdocs\\oohapp\\oohapp-laravel-io\\vendor\\laravel\\framework\\src\\Illuminate\\Foundation\\Http\\Kernel.php(176): Illuminate\\Foundation\\Application->bootstrapWith(Array)
#34 D:\\xampp\\htdocs\\oohapp\\oohapp-laravel-io\\vendor\\laravel\\framework\\src\\Illuminate\\Foundation\\Http\\Kernel.php(160): Illuminate\\Foundation\\Http\\Kernel->bootstrap()
#35 D:\\xampp\\htdocs\\oohapp\\oohapp-laravel-io\\vendor\\laravel\\framework\\src\\Illuminate\\Foundation\\Http\\Kernel.php(134): Illuminate\\Foundation\\Http\\Kernel->sendRequestThroughRouter(Object(Illuminate\\Http\\Request))
#36 D:\\xampp\\htdocs\\oohapp\\oohapp-laravel-io\\public\\index.php(71): Illuminate\\Foundation\\Http\\Kernel->handle(Object(Illuminate\\Http\\Request))
#37 D:\\xampp\\htdocs\\oohapp\\oohapp-laravel-io\\vendor\\laravel\\framework\\src\\Illuminate\\Foundation\\resources\\server.php(16): require_once('D:\\\\xampp\\\\htdocs...')
#38 {main}

[previous exception] [object] (PDOException(code: 3D000): SQLSTATE[3D000]: Invalid catalog name: 1046 No database selected at D:\\xampp\\htdocs\\oohapp\\oohapp-laravel-io\\vendor\\laravel\\framework\\src\\Illuminate\\Database\\Connection.php:414)
[stacktrace]
#0 D:\\xampp\\htdocs\\oohapp\\oohapp-laravel-io\\vendor\\laravel\\framework\\src\\Illuminate\\Database\\Connection.php(414): PDO->prepare('select * from `...')
#1 D:\\xampp\\htdocs\\oohapp\\oohapp-laravel-io\\vendor\\laravel\\framework\\src\\Illuminate\\Database\\Connection.php(753): Illuminate\\Database\\Connection->Illuminate\\Database\\{closure}('select * from `...', Array)
#2 D:\\xampp\\htdocs\\oohapp\\oohapp-laravel-io\\vendor\\laravel\\framework\\src\\Illuminate\\Database\\Connection.php(720): Illuminate\\Database\\Connection->runQueryCallback('select * from `...', Array, Object(Closure))
#3 D:\\xampp\\htdocs\\oohapp\\oohapp-laravel-io\\vendor\\laravel\\framework\\src\\Illuminate\\Database\\Connection.php(405): Illuminate\\Database\\Connection->run('select * from `...', Array, Object(Closure))
#4 D:\\xampp\\htdocs\\oohapp\\oohapp-laravel-io\\vendor\\laravel\\framework\\src\\Illuminate\\Database\\Query\\Builder.php(2653): Illuminate\\Database\\Connection->select('select * from `...', Array, true)
#5 D:\\xampp\\htdocs\\oohapp\\oohapp-laravel-io\\vendor\\laravel\\framework\\src\\Illuminate\\Database\\Query\\Builder.php(2642): Illuminate\\Database\\Query\\Builder->runSelect()
#6 D:\\xampp\\htdocs\\oohapp\\oohapp-laravel-io\\vendor\\laravel\\framework\\src\\Illuminate\\Database\\Query\\Builder.php(3178): Illuminate\\Database\\Query\\Builder->Illuminate\\Database\\Query\\{closure}()
#7 D:\\xampp\\htdocs\\oohapp\\oohapp-laravel-io\\vendor\\laravel\\framework\\src\\Illuminate\\Database\\Query\\Builder.php(2641): Illuminate\\Database\\Query\\Builder->onceWithColumns(Array, Object(Closure))
#8 D:\\xampp\\htdocs\\oohapp\\oohapp-laravel-io\\vendor\\laravel\\framework\\src\\Illuminate\\Database\\Eloquent\\Builder.php(710): Illuminate\\Database\\Query\\Builder->get(Array)
#9 D:\\xampp\\htdocs\\oohapp\\oohapp-laravel-io\\vendor\\laravel\\framework\\src\\Illuminate\\Database\\Eloquent\\Builder.php(694): Illuminate\\Database\\Eloquent\\Builder->getModels(Array)
#10 D:\\xampp\\htdocs\\oohapp\\oohapp-laravel-io\\vendor\\laravel\\framework\\src\\Illuminate\\Database\\Concerns\\BuildsQueries.php(296): Illuminate\\Database\\Eloquent\\Builder->get(Array)
#11 D:\\xampp\\htdocs\\oohapp\\oohapp-laravel-io\\modules\\Core\\Models\\Settings.php(36): Illuminate\\Database\\Eloquent\\Builder->first()
#12 D:\\xampp\\htdocs\\oohapp\\oohapp-laravel-io\\vendor\\laravel\\framework\\src\\Illuminate\\Cache\\Repository.php(436): Modules\\Core\\Models\\Settings::Modules\\Core\\Models\\{closure}()
#13 D:\\xampp\\htdocs\\oohapp\\oohapp-laravel-io\\vendor\\laravel\\framework\\src\\Illuminate\\Cache\\CacheManager.php(419): Illuminate\\Cache\\Repository->rememberForever('setting_site_lo...', Object(Closure))
#14 D:\\xampp\\htdocs\\oohapp\\oohapp-laravel-io\\vendor\\laravel\\framework\\src\\Illuminate\\Support\\Facades\\Facade.php(338): Illuminate\\Cache\\CacheManager->__call('rememberForever', Array)
#15 D:\\xampp\\htdocs\\oohapp\\oohapp-laravel-io\\modules\\Core\\Models\\Settings.php(35): Illuminate\\Support\\Facades\\Facade::__callStatic('rememberForever', Array)
#16 D:\\xampp\\htdocs\\oohapp\\oohapp-laravel-io\\app\\Helpers\\AppHelper.php(18): Modules\\Core\\Models\\Settings::item('site_locale', '')
#17 D:\\xampp\\htdocs\\oohapp\\oohapp-laravel-io\\modules\\Language\\Models\\Language.php(33): setting_item('site_locale')
#18 D:\\xampp\\htdocs\\oohapp\\oohapp-laravel-io\\vendor\\laravel\\framework\\src\\Illuminate\\Cache\\Repository.php(436): Modules\\Language\\Models\\Language::Modules\\Language\\Models\\{closure}()
#19 D:\\xampp\\htdocs\\oohapp\\oohapp-laravel-io\\vendor\\laravel\\framework\\src\\Illuminate\\Cache\\CacheManager.php(419): Illuminate\\Cache\\Repository->rememberForever('locale_active_1', Object(Closure))
#20 D:\\xampp\\htdocs\\oohapp\\oohapp-laravel-io\\vendor\\laravel\\framework\\src\\Illuminate\\Support\\Facades\\Facade.php(338): Illuminate\\Cache\\CacheManager->__call('rememberForever', Array)
#21 D:\\xampp\\htdocs\\oohapp\\oohapp-laravel-io\\modules\\Language\\Models\\Language.php(28): Illuminate\\Support\\Facades\\Facade::__callStatic('rememberForever', Array)
#22 D:\\xampp\\htdocs\\oohapp\\oohapp-laravel-io\\app\\Providers\\AppServiceProvider.php(196): Modules\\Language\\Models\\Language::getActive()
#23 D:\\xampp\\htdocs\\oohapp\\oohapp-laravel-io\\app\\Providers\\AppServiceProvider.php(42): App\\Providers\\AppServiceProvider->setLang()
#24 D:\\xampp\\htdocs\\oohapp\\oohapp-laravel-io\\vendor\\laravel\\framework\\src\\Illuminate\\Container\\BoundMethod.php(36): App\\Providers\\AppServiceProvider->boot(Object(Illuminate\\Http\\Request))
#25 D:\\xampp\\htdocs\\oohapp\\oohapp-laravel-io\\vendor\\laravel\\framework\\src\\Illuminate\\Container\\Util.php(41): Illuminate\\Container\\BoundMethod::Illuminate\\Container\\{closure}()
#26 D:\\xampp\\htdocs\\oohapp\\oohapp-laravel-io\\vendor\\laravel\\framework\\src\\Illuminate\\Container\\BoundMethod.php(93): Illuminate\\Container\\Util::unwrapIfClosure(Object(Closure))
#27 D:\\xampp\\htdocs\\oohapp\\oohapp-laravel-io\\vendor\\laravel\\framework\\src\\Illuminate\\Container\\BoundMethod.php(35): Illuminate\\Container\\BoundMethod::callBoundMethod(Object(Illuminate\\Foundation\\Application), Array, Object(Closure))
#28 D:\\xampp\\htdocs\\oohapp\\oohapp-laravel-io\\vendor\\laravel\\framework\\src\\Illuminate\\Container\\Container.php(651): Illuminate\\Container\\BoundMethod::call(Object(Illuminate\\Foundation\\Application), Array, Array, NULL)
#29 D:\\xampp\\htdocs\\oohapp\\oohapp-laravel-io\\vendor\\laravel\\framework\\src\\Illuminate\\Foundation\\Application.php(933): Illuminate\\Container\\Container->call(Array)
#30 D:\\xampp\\htdocs\\oohapp\\oohapp-laravel-io\\vendor\\laravel\\framework\\src\\Illuminate\\Foundation\\Application.php(914): Illuminate\\Foundation\\Application->bootProvider(Object(App\\Providers\\AppServiceProvider))
#31 [internal function]: Illuminate\\Foundation\\Application->Illuminate\\Foundation\\{closure}(Object(App\\Providers\\AppServiceProvider), 35)
#32 D:\\xampp\\htdocs\\oohapp\\oohapp-laravel-io\\vendor\\laravel\\framework\\src\\Illuminate\\Foundation\\Application.php(913): array_walk(Array, Object(Closure))
#33 D:\\xampp\\htdocs\\oohapp\\oohapp-laravel-io\\vendor\\laravel\\framework\\src\\Illuminate\\Foundation\\Bootstrap\\BootProviders.php(17): Illuminate\\Foundation\\Application->boot()
#34 D:\\xampp\\htdocs\\oohapp\\oohapp-laravel-io\\vendor\\laravel\\framework\\src\\Illuminate\\Foundation\\Application.php(242): Illuminate\\Foundation\\Bootstrap\\BootProviders->bootstrap(Object(Illuminate\\Foundation\\Application))
#35 D:\\xampp\\htdocs\\oohapp\\oohapp-laravel-io\\vendor\\laravel\\framework\\src\\Illuminate\\Foundation\\Http\\Kernel.php(176): Illuminate\\Foundation\\Application->bootstrapWith(Array)
#36 D:\\xampp\\htdocs\\oohapp\\oohapp-laravel-io\\vendor\\laravel\\framework\\src\\Illuminate\\Foundation\\Http\\Kernel.php(160): Illuminate\\Foundation\\Http\\Kernel->bootstrap()
#37 D:\\xampp\\htdocs\\oohapp\\oohapp-laravel-io\\vendor\\laravel\\framework\\src\\Illuminate\\Foundation\\Http\\Kernel.php(134): Illuminate\\Foundation\\Http\\Kernel->sendRequestThroughRouter(Object(Illuminate\\Http\\Request))
#38 D:\\xampp\\htdocs\\oohapp\\oohapp-laravel-io\\public\\index.php(71): Illuminate\\Foundation\\Http\\Kernel->handle(Object(Illuminate\\Http\\Request))
#39 D:\\xampp\\htdocs\\oohapp\\oohapp-laravel-io\\vendor\\laravel\\framework\\src\\Illuminate\\Foundation\\resources\\server.php(16): require_once('D:\\\\xampp\\\\htdocs...')
#40 {main}
"} 
[2024-12-20 05:14:08] local.ERROR: SQLSTATE[3D000]: Invalid catalog name: 1046 No database selected (SQL: select * from `core_settings` where `name` = site_locale limit 1) {"exception":"[object] (Illuminate\\Database\\QueryException(code: 3D000): SQLSTATE[3D000]: Invalid catalog name: 1046 No database selected (SQL: select * from `core_settings` where `name` = site_locale limit 1) at D:\\xampp\\htdocs\\oohapp\\oohapp-laravel-io\\vendor\\laravel\\framework\\src\\Illuminate\\Database\\Connection.php:760)
[stacktrace]
#0 D:\\xampp\\htdocs\\oohapp\\oohapp-laravel-io\\vendor\\laravel\\framework\\src\\Illuminate\\Database\\Connection.php(720): Illuminate\\Database\\Connection->runQueryCallback('select * from `...', Array, Object(Closure))
#1 D:\\xampp\\htdocs\\oohapp\\oohapp-laravel-io\\vendor\\laravel\\framework\\src\\Illuminate\\Database\\Connection.php(405): Illuminate\\Database\\Connection->run('select * from `...', Array, Object(Closure))
#2 D:\\xampp\\htdocs\\oohapp\\oohapp-laravel-io\\vendor\\laravel\\framework\\src\\Illuminate\\Database\\Query\\Builder.php(2653): Illuminate\\Database\\Connection->select('select * from `...', Array, true)
#3 D:\\xampp\\htdocs\\oohapp\\oohapp-laravel-io\\vendor\\laravel\\framework\\src\\Illuminate\\Database\\Query\\Builder.php(2642): Illuminate\\Database\\Query\\Builder->runSelect()
#4 D:\\xampp\\htdocs\\oohapp\\oohapp-laravel-io\\vendor\\laravel\\framework\\src\\Illuminate\\Database\\Query\\Builder.php(3178): Illuminate\\Database\\Query\\Builder->Illuminate\\Database\\Query\\{closure}()
#5 D:\\xampp\\htdocs\\oohapp\\oohapp-laravel-io\\vendor\\laravel\\framework\\src\\Illuminate\\Database\\Query\\Builder.php(2641): Illuminate\\Database\\Query\\Builder->onceWithColumns(Array, Object(Closure))
#6 D:\\xampp\\htdocs\\oohapp\\oohapp-laravel-io\\vendor\\laravel\\framework\\src\\Illuminate\\Database\\Eloquent\\Builder.php(710): Illuminate\\Database\\Query\\Builder->get(Array)
#7 D:\\xampp\\htdocs\\oohapp\\oohapp-laravel-io\\vendor\\laravel\\framework\\src\\Illuminate\\Database\\Eloquent\\Builder.php(694): Illuminate\\Database\\Eloquent\\Builder->getModels(Array)
#8 D:\\xampp\\htdocs\\oohapp\\oohapp-laravel-io\\vendor\\laravel\\framework\\src\\Illuminate\\Database\\Concerns\\BuildsQueries.php(296): Illuminate\\Database\\Eloquent\\Builder->get(Array)
#9 D:\\xampp\\htdocs\\oohapp\\oohapp-laravel-io\\modules\\Core\\Models\\Settings.php(36): Illuminate\\Database\\Eloquent\\Builder->first()
#10 D:\\xampp\\htdocs\\oohapp\\oohapp-laravel-io\\vendor\\laravel\\framework\\src\\Illuminate\\Cache\\Repository.php(436): Modules\\Core\\Models\\Settings::Modules\\Core\\Models\\{closure}()
#11 D:\\xampp\\htdocs\\oohapp\\oohapp-laravel-io\\vendor\\laravel\\framework\\src\\Illuminate\\Cache\\CacheManager.php(419): Illuminate\\Cache\\Repository->rememberForever('setting_site_lo...', Object(Closure))
#12 D:\\xampp\\htdocs\\oohapp\\oohapp-laravel-io\\vendor\\laravel\\framework\\src\\Illuminate\\Support\\Facades\\Facade.php(338): Illuminate\\Cache\\CacheManager->__call('rememberForever', Array)
#13 D:\\xampp\\htdocs\\oohapp\\oohapp-laravel-io\\modules\\Core\\Models\\Settings.php(35): Illuminate\\Support\\Facades\\Facade::__callStatic('rememberForever', Array)
#14 D:\\xampp\\htdocs\\oohapp\\oohapp-laravel-io\\app\\Helpers\\AppHelper.php(18): Modules\\Core\\Models\\Settings::item('site_locale', '')
#15 D:\\xampp\\htdocs\\oohapp\\oohapp-laravel-io\\modules\\Language\\Models\\Language.php(33): setting_item('site_locale')
#16 D:\\xampp\\htdocs\\oohapp\\oohapp-laravel-io\\vendor\\laravel\\framework\\src\\Illuminate\\Cache\\Repository.php(436): Modules\\Language\\Models\\Language::Modules\\Language\\Models\\{closure}()
#17 D:\\xampp\\htdocs\\oohapp\\oohapp-laravel-io\\vendor\\laravel\\framework\\src\\Illuminate\\Cache\\CacheManager.php(419): Illuminate\\Cache\\Repository->rememberForever('locale_active_1', Object(Closure))
#18 D:\\xampp\\htdocs\\oohapp\\oohapp-laravel-io\\vendor\\laravel\\framework\\src\\Illuminate\\Support\\Facades\\Facade.php(338): Illuminate\\Cache\\CacheManager->__call('rememberForever', Array)
#19 D:\\xampp\\htdocs\\oohapp\\oohapp-laravel-io\\modules\\Language\\Models\\Language.php(28): Illuminate\\Support\\Facades\\Facade::__callStatic('rememberForever', Array)
#20 D:\\xampp\\htdocs\\oohapp\\oohapp-laravel-io\\app\\Providers\\AppServiceProvider.php(196): Modules\\Language\\Models\\Language::getActive()
#21 D:\\xampp\\htdocs\\oohapp\\oohapp-laravel-io\\app\\Providers\\AppServiceProvider.php(42): App\\Providers\\AppServiceProvider->setLang()
#22 D:\\xampp\\htdocs\\oohapp\\oohapp-laravel-io\\vendor\\laravel\\framework\\src\\Illuminate\\Container\\BoundMethod.php(36): App\\Providers\\AppServiceProvider->boot(Object(Illuminate\\Http\\Request))
#23 D:\\xampp\\htdocs\\oohapp\\oohapp-laravel-io\\vendor\\laravel\\framework\\src\\Illuminate\\Container\\Util.php(41): Illuminate\\Container\\BoundMethod::Illuminate\\Container\\{closure}()
#24 D:\\xampp\\htdocs\\oohapp\\oohapp-laravel-io\\vendor\\laravel\\framework\\src\\Illuminate\\Container\\BoundMethod.php(93): Illuminate\\Container\\Util::unwrapIfClosure(Object(Closure))
#25 D:\\xampp\\htdocs\\oohapp\\oohapp-laravel-io\\vendor\\laravel\\framework\\src\\Illuminate\\Container\\BoundMethod.php(35): Illuminate\\Container\\BoundMethod::callBoundMethod(Object(Illuminate\\Foundation\\Application), Array, Object(Closure))
#26 D:\\xampp\\htdocs\\oohapp\\oohapp-laravel-io\\vendor\\laravel\\framework\\src\\Illuminate\\Container\\Container.php(651): Illuminate\\Container\\BoundMethod::call(Object(Illuminate\\Foundation\\Application), Array, Array, NULL)
#27 D:\\xampp\\htdocs\\oohapp\\oohapp-laravel-io\\vendor\\laravel\\framework\\src\\Illuminate\\Foundation\\Application.php(933): Illuminate\\Container\\Container->call(Array)
#28 D:\\xampp\\htdocs\\oohapp\\oohapp-laravel-io\\vendor\\laravel\\framework\\src\\Illuminate\\Foundation\\Application.php(914): Illuminate\\Foundation\\Application->bootProvider(Object(App\\Providers\\AppServiceProvider))
#29 [internal function]: Illuminate\\Foundation\\Application->Illuminate\\Foundation\\{closure}(Object(App\\Providers\\AppServiceProvider), 35)
#30 D:\\xampp\\htdocs\\oohapp\\oohapp-laravel-io\\vendor\\laravel\\framework\\src\\Illuminate\\Foundation\\Application.php(913): array_walk(Array, Object(Closure))
#31 D:\\xampp\\htdocs\\oohapp\\oohapp-laravel-io\\vendor\\laravel\\framework\\src\\Illuminate\\Foundation\\Bootstrap\\BootProviders.php(17): Illuminate\\Foundation\\Application->boot()
#32 D:\\xampp\\htdocs\\oohapp\\oohapp-laravel-io\\vendor\\laravel\\framework\\src\\Illuminate\\Foundation\\Application.php(242): Illuminate\\Foundation\\Bootstrap\\BootProviders->bootstrap(Object(Illuminate\\Foundation\\Application))
#33 D:\\xampp\\htdocs\\oohapp\\oohapp-laravel-io\\vendor\\laravel\\framework\\src\\Illuminate\\Foundation\\Http\\Kernel.php(176): Illuminate\\Foundation\\Application->bootstrapWith(Array)
#34 D:\\xampp\\htdocs\\oohapp\\oohapp-laravel-io\\vendor\\laravel\\framework\\src\\Illuminate\\Foundation\\Http\\Kernel.php(160): Illuminate\\Foundation\\Http\\Kernel->bootstrap()
#35 D:\\xampp\\htdocs\\oohapp\\oohapp-laravel-io\\vendor\\laravel\\framework\\src\\Illuminate\\Foundation\\Http\\Kernel.php(134): Illuminate\\Foundation\\Http\\Kernel->sendRequestThroughRouter(Object(Illuminate\\Http\\Request))
#36 D:\\xampp\\htdocs\\oohapp\\oohapp-laravel-io\\public\\index.php(71): Illuminate\\Foundation\\Http\\Kernel->handle(Object(Illuminate\\Http\\Request))
#37 D:\\xampp\\htdocs\\oohapp\\oohapp-laravel-io\\vendor\\laravel\\framework\\src\\Illuminate\\Foundation\\resources\\server.php(16): require_once('D:\\\\xampp\\\\htdocs...')
#38 {main}

[previous exception] [object] (PDOException(code: 3D000): SQLSTATE[3D000]: Invalid catalog name: 1046 No database selected at D:\\xampp\\htdocs\\oohapp\\oohapp-laravel-io\\vendor\\laravel\\framework\\src\\Illuminate\\Database\\Connection.php:414)
[stacktrace]
#0 D:\\xampp\\htdocs\\oohapp\\oohapp-laravel-io\\vendor\\laravel\\framework\\src\\Illuminate\\Database\\Connection.php(414): PDO->prepare('select * from `...')
#1 D:\\xampp\\htdocs\\oohapp\\oohapp-laravel-io\\vendor\\laravel\\framework\\src\\Illuminate\\Database\\Connection.php(753): Illuminate\\Database\\Connection->Illuminate\\Database\\{closure}('select * from `...', Array)
#2 D:\\xampp\\htdocs\\oohapp\\oohapp-laravel-io\\vendor\\laravel\\framework\\src\\Illuminate\\Database\\Connection.php(720): Illuminate\\Database\\Connection->runQueryCallback('select * from `...', Array, Object(Closure))
#3 D:\\xampp\\htdocs\\oohapp\\oohapp-laravel-io\\vendor\\laravel\\framework\\src\\Illuminate\\Database\\Connection.php(405): Illuminate\\Database\\Connection->run('select * from `...', Array, Object(Closure))
#4 D:\\xampp\\htdocs\\oohapp\\oohapp-laravel-io\\vendor\\laravel\\framework\\src\\Illuminate\\Database\\Query\\Builder.php(2653): Illuminate\\Database\\Connection->select('select * from `...', Array, true)
#5 D:\\xampp\\htdocs\\oohapp\\oohapp-laravel-io\\vendor\\laravel\\framework\\src\\Illuminate\\Database\\Query\\Builder.php(2642): Illuminate\\Database\\Query\\Builder->runSelect()
#6 D:\\xampp\\htdocs\\oohapp\\oohapp-laravel-io\\vendor\\laravel\\framework\\src\\Illuminate\\Database\\Query\\Builder.php(3178): Illuminate\\Database\\Query\\Builder->Illuminate\\Database\\Query\\{closure}()
#7 D:\\xampp\\htdocs\\oohapp\\oohapp-laravel-io\\vendor\\laravel\\framework\\src\\Illuminate\\Database\\Query\\Builder.php(2641): Illuminate\\Database\\Query\\Builder->onceWithColumns(Array, Object(Closure))
#8 D:\\xampp\\htdocs\\oohapp\\oohapp-laravel-io\\vendor\\laravel\\framework\\src\\Illuminate\\Database\\Eloquent\\Builder.php(710): Illuminate\\Database\\Query\\Builder->get(Array)
#9 D:\\xampp\\htdocs\\oohapp\\oohapp-laravel-io\\vendor\\laravel\\framework\\src\\Illuminate\\Database\\Eloquent\\Builder.php(694): Illuminate\\Database\\Eloquent\\Builder->getModels(Array)
#10 D:\\xampp\\htdocs\\oohapp\\oohapp-laravel-io\\vendor\\laravel\\framework\\src\\Illuminate\\Database\\Concerns\\BuildsQueries.php(296): Illuminate\\Database\\Eloquent\\Builder->get(Array)
#11 D:\\xampp\\htdocs\\oohapp\\oohapp-laravel-io\\modules\\Core\\Models\\Settings.php(36): Illuminate\\Database\\Eloquent\\Builder->first()
#12 D:\\xampp\\htdocs\\oohapp\\oohapp-laravel-io\\vendor\\laravel\\framework\\src\\Illuminate\\Cache\\Repository.php(436): Modules\\Core\\Models\\Settings::Modules\\Core\\Models\\{closure}()
#13 D:\\xampp\\htdocs\\oohapp\\oohapp-laravel-io\\vendor\\laravel\\framework\\src\\Illuminate\\Cache\\CacheManager.php(419): Illuminate\\Cache\\Repository->rememberForever('setting_site_lo...', Object(Closure))
#14 D:\\xampp\\htdocs\\oohapp\\oohapp-laravel-io\\vendor\\laravel\\framework\\src\\Illuminate\\Support\\Facades\\Facade.php(338): Illuminate\\Cache\\CacheManager->__call('rememberForever', Array)
#15 D:\\xampp\\htdocs\\oohapp\\oohapp-laravel-io\\modules\\Core\\Models\\Settings.php(35): Illuminate\\Support\\Facades\\Facade::__callStatic('rememberForever', Array)
#16 D:\\xampp\\htdocs\\oohapp\\oohapp-laravel-io\\app\\Helpers\\AppHelper.php(18): Modules\\Core\\Models\\Settings::item('site_locale', '')
#17 D:\\xampp\\htdocs\\oohapp\\oohapp-laravel-io\\modules\\Language\\Models\\Language.php(33): setting_item('site_locale')
#18 D:\\xampp\\htdocs\\oohapp\\oohapp-laravel-io\\vendor\\laravel\\framework\\src\\Illuminate\\Cache\\Repository.php(436): Modules\\Language\\Models\\Language::Modules\\Language\\Models\\{closure}()
#19 D:\\xampp\\htdocs\\oohapp\\oohapp-laravel-io\\vendor\\laravel\\framework\\src\\Illuminate\\Cache\\CacheManager.php(419): Illuminate\\Cache\\Repository->rememberForever('locale_active_1', Object(Closure))
#20 D:\\xampp\\htdocs\\oohapp\\oohapp-laravel-io\\vendor\\laravel\\framework\\src\\Illuminate\\Support\\Facades\\Facade.php(338): Illuminate\\Cache\\CacheManager->__call('rememberForever', Array)
#21 D:\\xampp\\htdocs\\oohapp\\oohapp-laravel-io\\modules\\Language\\Models\\Language.php(28): Illuminate\\Support\\Facades\\Facade::__callStatic('rememberForever', Array)
#22 D:\\xampp\\htdocs\\oohapp\\oohapp-laravel-io\\app\\Providers\\AppServiceProvider.php(196): Modules\\Language\\Models\\Language::getActive()
#23 D:\\xampp\\htdocs\\oohapp\\oohapp-laravel-io\\app\\Providers\\AppServiceProvider.php(42): App\\Providers\\AppServiceProvider->setLang()
#24 D:\\xampp\\htdocs\\oohapp\\oohapp-laravel-io\\vendor\\laravel\\framework\\src\\Illuminate\\Container\\BoundMethod.php(36): App\\Providers\\AppServiceProvider->boot(Object(Illuminate\\Http\\Request))
#25 D:\\xampp\\htdocs\\oohapp\\oohapp-laravel-io\\vendor\\laravel\\framework\\src\\Illuminate\\Container\\Util.php(41): Illuminate\\Container\\BoundMethod::Illuminate\\Container\\{closure}()
#26 D:\\xampp\\htdocs\\oohapp\\oohapp-laravel-io\\vendor\\laravel\\framework\\src\\Illuminate\\Container\\BoundMethod.php(93): Illuminate\\Container\\Util::unwrapIfClosure(Object(Closure))
#27 D:\\xampp\\htdocs\\oohapp\\oohapp-laravel-io\\vendor\\laravel\\framework\\src\\Illuminate\\Container\\BoundMethod.php(35): Illuminate\\Container\\BoundMethod::callBoundMethod(Object(Illuminate\\Foundation\\Application), Array, Object(Closure))
#28 D:\\xampp\\htdocs\\oohapp\\oohapp-laravel-io\\vendor\\laravel\\framework\\src\\Illuminate\\Container\\Container.php(651): Illuminate\\Container\\BoundMethod::call(Object(Illuminate\\Foundation\\Application), Array, Array, NULL)
#29 D:\\xampp\\htdocs\\oohapp\\oohapp-laravel-io\\vendor\\laravel\\framework\\src\\Illuminate\\Foundation\\Application.php(933): Illuminate\\Container\\Container->call(Array)
#30 D:\\xampp\\htdocs\\oohapp\\oohapp-laravel-io\\vendor\\laravel\\framework\\src\\Illuminate\\Foundation\\Application.php(914): Illuminate\\Foundation\\Application->bootProvider(Object(App\\Providers\\AppServiceProvider))
#31 [internal function]: Illuminate\\Foundation\\Application->Illuminate\\Foundation\\{closure}(Object(App\\Providers\\AppServiceProvider), 35)
#32 D:\\xampp\\htdocs\\oohapp\\oohapp-laravel-io\\vendor\\laravel\\framework\\src\\Illuminate\\Foundation\\Application.php(913): array_walk(Array, Object(Closure))
#33 D:\\xampp\\htdocs\\oohapp\\oohapp-laravel-io\\vendor\\laravel\\framework\\src\\Illuminate\\Foundation\\Bootstrap\\BootProviders.php(17): Illuminate\\Foundation\\Application->boot()
#34 D:\\xampp\\htdocs\\oohapp\\oohapp-laravel-io\\vendor\\laravel\\framework\\src\\Illuminate\\Foundation\\Application.php(242): Illuminate\\Foundation\\Bootstrap\\BootProviders->bootstrap(Object(Illuminate\\Foundation\\Application))
#35 D:\\xampp\\htdocs\\oohapp\\oohapp-laravel-io\\vendor\\laravel\\framework\\src\\Illuminate\\Foundation\\Http\\Kernel.php(176): Illuminate\\Foundation\\Application->bootstrapWith(Array)
#36 D:\\xampp\\htdocs\\oohapp\\oohapp-laravel-io\\vendor\\laravel\\framework\\src\\Illuminate\\Foundation\\Http\\Kernel.php(160): Illuminate\\Foundation\\Http\\Kernel->bootstrap()
#37 D:\\xampp\\htdocs\\oohapp\\oohapp-laravel-io\\vendor\\laravel\\framework\\src\\Illuminate\\Foundation\\Http\\Kernel.php(134): Illuminate\\Foundation\\Http\\Kernel->sendRequestThroughRouter(Object(Illuminate\\Http\\Request))
#38 D:\\xampp\\htdocs\\oohapp\\oohapp-laravel-io\\public\\index.php(71): Illuminate\\Foundation\\Http\\Kernel->handle(Object(Illuminate\\Http\\Request))
#39 D:\\xampp\\htdocs\\oohapp\\oohapp-laravel-io\\vendor\\laravel\\framework\\src\\Illuminate\\Foundation\\resources\\server.php(16): require_once('D:\\\\xampp\\\\htdocs...')
#40 {main}
"} 
[2024-12-20 05:14:56] local.ERROR: SQLSTATE[3D000]: Invalid catalog name: 1046 No database selected (SQL: select * from `core_settings` where `name` = site_locale limit 1) {"exception":"[object] (Illuminate\\Database\\QueryException(code: 3D000): SQLSTATE[3D000]: Invalid catalog name: 1046 No database selected (SQL: select * from `core_settings` where `name` = site_locale limit 1) at D:\\xampp\\htdocs\\oohapp\\oohapp-laravel-io\\vendor\\laravel\\framework\\src\\Illuminate\\Database\\Connection.php:760)
[stacktrace]
#0 D:\\xampp\\htdocs\\oohapp\\oohapp-laravel-io\\vendor\\laravel\\framework\\src\\Illuminate\\Database\\Connection.php(720): Illuminate\\Database\\Connection->runQueryCallback('select * from `...', Array, Object(Closure))
#1 D:\\xampp\\htdocs\\oohapp\\oohapp-laravel-io\\vendor\\laravel\\framework\\src\\Illuminate\\Database\\Connection.php(405): Illuminate\\Database\\Connection->run('select * from `...', Array, Object(Closure))
#2 D:\\xampp\\htdocs\\oohapp\\oohapp-laravel-io\\vendor\\laravel\\framework\\src\\Illuminate\\Database\\Query\\Builder.php(2653): Illuminate\\Database\\Connection->select('select * from `...', Array, true)
#3 D:\\xampp\\htdocs\\oohapp\\oohapp-laravel-io\\vendor\\laravel\\framework\\src\\Illuminate\\Database\\Query\\Builder.php(2642): Illuminate\\Database\\Query\\Builder->runSelect()
#4 D:\\xampp\\htdocs\\oohapp\\oohapp-laravel-io\\vendor\\laravel\\framework\\src\\Illuminate\\Database\\Query\\Builder.php(3178): Illuminate\\Database\\Query\\Builder->Illuminate\\Database\\Query\\{closure}()
#5 D:\\xampp\\htdocs\\oohapp\\oohapp-laravel-io\\vendor\\laravel\\framework\\src\\Illuminate\\Database\\Query\\Builder.php(2641): Illuminate\\Database\\Query\\Builder->onceWithColumns(Array, Object(Closure))
#6 D:\\xampp\\htdocs\\oohapp\\oohapp-laravel-io\\vendor\\laravel\\framework\\src\\Illuminate\\Database\\Eloquent\\Builder.php(710): Illuminate\\Database\\Query\\Builder->get(Array)
#7 D:\\xampp\\htdocs\\oohapp\\oohapp-laravel-io\\vendor\\laravel\\framework\\src\\Illuminate\\Database\\Eloquent\\Builder.php(694): Illuminate\\Database\\Eloquent\\Builder->getModels(Array)
#8 D:\\xampp\\htdocs\\oohapp\\oohapp-laravel-io\\vendor\\laravel\\framework\\src\\Illuminate\\Database\\Concerns\\BuildsQueries.php(296): Illuminate\\Database\\Eloquent\\Builder->get(Array)
#9 D:\\xampp\\htdocs\\oohapp\\oohapp-laravel-io\\modules\\Core\\Models\\Settings.php(36): Illuminate\\Database\\Eloquent\\Builder->first()
#10 D:\\xampp\\htdocs\\oohapp\\oohapp-laravel-io\\vendor\\laravel\\framework\\src\\Illuminate\\Cache\\Repository.php(436): Modules\\Core\\Models\\Settings::Modules\\Core\\Models\\{closure}()
#11 D:\\xampp\\htdocs\\oohapp\\oohapp-laravel-io\\vendor\\laravel\\framework\\src\\Illuminate\\Cache\\CacheManager.php(419): Illuminate\\Cache\\Repository->rememberForever('setting_site_lo...', Object(Closure))
#12 D:\\xampp\\htdocs\\oohapp\\oohapp-laravel-io\\vendor\\laravel\\framework\\src\\Illuminate\\Support\\Facades\\Facade.php(338): Illuminate\\Cache\\CacheManager->__call('rememberForever', Array)
#13 D:\\xampp\\htdocs\\oohapp\\oohapp-laravel-io\\modules\\Core\\Models\\Settings.php(35): Illuminate\\Support\\Facades\\Facade::__callStatic('rememberForever', Array)
#14 D:\\xampp\\htdocs\\oohapp\\oohapp-laravel-io\\app\\Helpers\\AppHelper.php(18): Modules\\Core\\Models\\Settings::item('site_locale', '')
#15 D:\\xampp\\htdocs\\oohapp\\oohapp-laravel-io\\modules\\Language\\Models\\Language.php(33): setting_item('site_locale')
#16 D:\\xampp\\htdocs\\oohapp\\oohapp-laravel-io\\vendor\\laravel\\framework\\src\\Illuminate\\Cache\\Repository.php(436): Modules\\Language\\Models\\Language::Modules\\Language\\Models\\{closure}()
#17 D:\\xampp\\htdocs\\oohapp\\oohapp-laravel-io\\vendor\\laravel\\framework\\src\\Illuminate\\Cache\\CacheManager.php(419): Illuminate\\Cache\\Repository->rememberForever('locale_active_1', Object(Closure))
#18 D:\\xampp\\htdocs\\oohapp\\oohapp-laravel-io\\vendor\\laravel\\framework\\src\\Illuminate\\Support\\Facades\\Facade.php(338): Illuminate\\Cache\\CacheManager->__call('rememberForever', Array)
#19 D:\\xampp\\htdocs\\oohapp\\oohapp-laravel-io\\modules\\Language\\Models\\Language.php(28): Illuminate\\Support\\Facades\\Facade::__callStatic('rememberForever', Array)
#20 D:\\xampp\\htdocs\\oohapp\\oohapp-laravel-io\\app\\Providers\\AppServiceProvider.php(196): Modules\\Language\\Models\\Language::getActive()
#21 D:\\xampp\\htdocs\\oohapp\\oohapp-laravel-io\\app\\Providers\\AppServiceProvider.php(42): App\\Providers\\AppServiceProvider->setLang()
#22 D:\\xampp\\htdocs\\oohapp\\oohapp-laravel-io\\vendor\\laravel\\framework\\src\\Illuminate\\Container\\BoundMethod.php(36): App\\Providers\\AppServiceProvider->boot(Object(Illuminate\\Http\\Request))
#23 D:\\xampp\\htdocs\\oohapp\\oohapp-laravel-io\\vendor\\laravel\\framework\\src\\Illuminate\\Container\\Util.php(41): Illuminate\\Container\\BoundMethod::Illuminate\\Container\\{closure}()
#24 D:\\xampp\\htdocs\\oohapp\\oohapp-laravel-io\\vendor\\laravel\\framework\\src\\Illuminate\\Container\\BoundMethod.php(93): Illuminate\\Container\\Util::unwrapIfClosure(Object(Closure))
#25 D:\\xampp\\htdocs\\oohapp\\oohapp-laravel-io\\vendor\\laravel\\framework\\src\\Illuminate\\Container\\BoundMethod.php(35): Illuminate\\Container\\BoundMethod::callBoundMethod(Object(Illuminate\\Foundation\\Application), Array, Object(Closure))
#26 D:\\xampp\\htdocs\\oohapp\\oohapp-laravel-io\\vendor\\laravel\\framework\\src\\Illuminate\\Container\\Container.php(651): Illuminate\\Container\\BoundMethod::call(Object(Illuminate\\Foundation\\Application), Array, Array, NULL)
#27 D:\\xampp\\htdocs\\oohapp\\oohapp-laravel-io\\vendor\\laravel\\framework\\src\\Illuminate\\Foundation\\Application.php(933): Illuminate\\Container\\Container->call(Array)
#28 D:\\xampp\\htdocs\\oohapp\\oohapp-laravel-io\\vendor\\laravel\\framework\\src\\Illuminate\\Foundation\\Application.php(914): Illuminate\\Foundation\\Application->bootProvider(Object(App\\Providers\\AppServiceProvider))
#29 [internal function]: Illuminate\\Foundation\\Application->Illuminate\\Foundation\\{closure}(Object(App\\Providers\\AppServiceProvider), 35)
#30 D:\\xampp\\htdocs\\oohapp\\oohapp-laravel-io\\vendor\\laravel\\framework\\src\\Illuminate\\Foundation\\Application.php(913): array_walk(Array, Object(Closure))
#31 D:\\xampp\\htdocs\\oohapp\\oohapp-laravel-io\\vendor\\laravel\\framework\\src\\Illuminate\\Foundation\\Bootstrap\\BootProviders.php(17): Illuminate\\Foundation\\Application->boot()
#32 D:\\xampp\\htdocs\\oohapp\\oohapp-laravel-io\\vendor\\laravel\\framework\\src\\Illuminate\\Foundation\\Application.php(242): Illuminate\\Foundation\\Bootstrap\\BootProviders->bootstrap(Object(Illuminate\\Foundation\\Application))
#33 D:\\xampp\\htdocs\\oohapp\\oohapp-laravel-io\\vendor\\laravel\\framework\\src\\Illuminate\\Foundation\\Console\\Kernel.php(383): Illuminate\\Foundation\\Application->bootstrapWith(Array)
#34 D:\\xampp\\htdocs\\oohapp\\oohapp-laravel-io\\vendor\\laravel\\framework\\src\\Illuminate\\Foundation\\Console\\Kernel.php(153): Illuminate\\Foundation\\Console\\Kernel->bootstrap()
#35 D:\\xampp\\htdocs\\oohapp\\oohapp-laravel-io\\artisan(38): Illuminate\\Foundation\\Console\\Kernel->handle(Object(Symfony\\Component\\Console\\Input\\ArgvInput), Object(Symfony\\Component\\Console\\Output\\ConsoleOutput))
#36 {main}

[previous exception] [object] (PDOException(code: 3D000): SQLSTATE[3D000]: Invalid catalog name: 1046 No database selected at D:\\xampp\\htdocs\\oohapp\\oohapp-laravel-io\\vendor\\laravel\\framework\\src\\Illuminate\\Database\\Connection.php:414)
[stacktrace]
#0 D:\\xampp\\htdocs\\oohapp\\oohapp-laravel-io\\vendor\\laravel\\framework\\src\\Illuminate\\Database\\Connection.php(414): PDO->prepare('select * from `...')
#1 D:\\xampp\\htdocs\\oohapp\\oohapp-laravel-io\\vendor\\laravel\\framework\\src\\Illuminate\\Database\\Connection.php(753): Illuminate\\Database\\Connection->Illuminate\\Database\\{closure}('select * from `...', Array)
#2 D:\\xampp\\htdocs\\oohapp\\oohapp-laravel-io\\vendor\\laravel\\framework\\src\\Illuminate\\Database\\Connection.php(720): Illuminate\\Database\\Connection->runQueryCallback('select * from `...', Array, Object(Closure))
#3 D:\\xampp\\htdocs\\oohapp\\oohapp-laravel-io\\vendor\\laravel\\framework\\src\\Illuminate\\Database\\Connection.php(405): Illuminate\\Database\\Connection->run('select * from `...', Array, Object(Closure))
#4 D:\\xampp\\htdocs\\oohapp\\oohapp-laravel-io\\vendor\\laravel\\framework\\src\\Illuminate\\Database\\Query\\Builder.php(2653): Illuminate\\Database\\Connection->select('select * from `...', Array, true)
#5 D:\\xampp\\htdocs\\oohapp\\oohapp-laravel-io\\vendor\\laravel\\framework\\src\\Illuminate\\Database\\Query\\Builder.php(2642): Illuminate\\Database\\Query\\Builder->runSelect()
#6 D:\\xampp\\htdocs\\oohapp\\oohapp-laravel-io\\vendor\\laravel\\framework\\src\\Illuminate\\Database\\Query\\Builder.php(3178): Illuminate\\Database\\Query\\Builder->Illuminate\\Database\\Query\\{closure}()
#7 D:\\xampp\\htdocs\\oohapp\\oohapp-laravel-io\\vendor\\laravel\\framework\\src\\Illuminate\\Database\\Query\\Builder.php(2641): Illuminate\\Database\\Query\\Builder->onceWithColumns(Array, Object(Closure))
#8 D:\\xampp\\htdocs\\oohapp\\oohapp-laravel-io\\vendor\\laravel\\framework\\src\\Illuminate\\Database\\Eloquent\\Builder.php(710): Illuminate\\Database\\Query\\Builder->get(Array)
#9 D:\\xampp\\htdocs\\oohapp\\oohapp-laravel-io\\vendor\\laravel\\framework\\src\\Illuminate\\Database\\Eloquent\\Builder.php(694): Illuminate\\Database\\Eloquent\\Builder->getModels(Array)
#10 D:\\xampp\\htdocs\\oohapp\\oohapp-laravel-io\\vendor\\laravel\\framework\\src\\Illuminate\\Database\\Concerns\\BuildsQueries.php(296): Illuminate\\Database\\Eloquent\\Builder->get(Array)
#11 D:\\xampp\\htdocs\\oohapp\\oohapp-laravel-io\\modules\\Core\\Models\\Settings.php(36): Illuminate\\Database\\Eloquent\\Builder->first()
#12 D:\\xampp\\htdocs\\oohapp\\oohapp-laravel-io\\vendor\\laravel\\framework\\src\\Illuminate\\Cache\\Repository.php(436): Modules\\Core\\Models\\Settings::Modules\\Core\\Models\\{closure}()
#13 D:\\xampp\\htdocs\\oohapp\\oohapp-laravel-io\\vendor\\laravel\\framework\\src\\Illuminate\\Cache\\CacheManager.php(419): Illuminate\\Cache\\Repository->rememberForever('setting_site_lo...', Object(Closure))
#14 D:\\xampp\\htdocs\\oohapp\\oohapp-laravel-io\\vendor\\laravel\\framework\\src\\Illuminate\\Support\\Facades\\Facade.php(338): Illuminate\\Cache\\CacheManager->__call('rememberForever', Array)
#15 D:\\xampp\\htdocs\\oohapp\\oohapp-laravel-io\\modules\\Core\\Models\\Settings.php(35): Illuminate\\Support\\Facades\\Facade::__callStatic('rememberForever', Array)
#16 D:\\xampp\\htdocs\\oohapp\\oohapp-laravel-io\\app\\Helpers\\AppHelper.php(18): Modules\\Core\\Models\\Settings::item('site_locale', '')
#17 D:\\xampp\\htdocs\\oohapp\\oohapp-laravel-io\\modules\\Language\\Models\\Language.php(33): setting_item('site_locale')
#18 D:\\xampp\\htdocs\\oohapp\\oohapp-laravel-io\\vendor\\laravel\\framework\\src\\Illuminate\\Cache\\Repository.php(436): Modules\\Language\\Models\\Language::Modules\\Language\\Models\\{closure}()
#19 D:\\xampp\\htdocs\\oohapp\\oohapp-laravel-io\\vendor\\laravel\\framework\\src\\Illuminate\\Cache\\CacheManager.php(419): Illuminate\\Cache\\Repository->rememberForever('locale_active_1', Object(Closure))
#20 D:\\xampp\\htdocs\\oohapp\\oohapp-laravel-io\\vendor\\laravel\\framework\\src\\Illuminate\\Support\\Facades\\Facade.php(338): Illuminate\\Cache\\CacheManager->__call('rememberForever', Array)
#21 D:\\xampp\\htdocs\\oohapp\\oohapp-laravel-io\\modules\\Language\\Models\\Language.php(28): Illuminate\\Support\\Facades\\Facade::__callStatic('rememberForever', Array)
#22 D:\\xampp\\htdocs\\oohapp\\oohapp-laravel-io\\app\\Providers\\AppServiceProvider.php(196): Modules\\Language\\Models\\Language::getActive()
#23 D:\\xampp\\htdocs\\oohapp\\oohapp-laravel-io\\app\\Providers\\AppServiceProvider.php(42): App\\Providers\\AppServiceProvider->setLang()
#24 D:\\xampp\\htdocs\\oohapp\\oohapp-laravel-io\\vendor\\laravel\\framework\\src\\Illuminate\\Container\\BoundMethod.php(36): App\\Providers\\AppServiceProvider->boot(Object(Illuminate\\Http\\Request))
#25 D:\\xampp\\htdocs\\oohapp\\oohapp-laravel-io\\vendor\\laravel\\framework\\src\\Illuminate\\Container\\Util.php(41): Illuminate\\Container\\BoundMethod::Illuminate\\Container\\{closure}()
#26 D:\\xampp\\htdocs\\oohapp\\oohapp-laravel-io\\vendor\\laravel\\framework\\src\\Illuminate\\Container\\BoundMethod.php(93): Illuminate\\Container\\Util::unwrapIfClosure(Object(Closure))
#27 D:\\xampp\\htdocs\\oohapp\\oohapp-laravel-io\\vendor\\laravel\\framework\\src\\Illuminate\\Container\\BoundMethod.php(35): Illuminate\\Container\\BoundMethod::callBoundMethod(Object(Illuminate\\Foundation\\Application), Array, Object(Closure))
#28 D:\\xampp\\htdocs\\oohapp\\oohapp-laravel-io\\vendor\\laravel\\framework\\src\\Illuminate\\Container\\Container.php(651): Illuminate\\Container\\BoundMethod::call(Object(Illuminate\\Foundation\\Application), Array, Array, NULL)
#29 D:\\xampp\\htdocs\\oohapp\\oohapp-laravel-io\\vendor\\laravel\\framework\\src\\Illuminate\\Foundation\\Application.php(933): Illuminate\\Container\\Container->call(Array)
#30 D:\\xampp\\htdocs\\oohapp\\oohapp-laravel-io\\vendor\\laravel\\framework\\src\\Illuminate\\Foundation\\Application.php(914): Illuminate\\Foundation\\Application->bootProvider(Object(App\\Providers\\AppServiceProvider))
#31 [internal function]: Illuminate\\Foundation\\Application->Illuminate\\Foundation\\{closure}(Object(App\\Providers\\AppServiceProvider), 35)
#32 D:\\xampp\\htdocs\\oohapp\\oohapp-laravel-io\\vendor\\laravel\\framework\\src\\Illuminate\\Foundation\\Application.php(913): array_walk(Array, Object(Closure))
#33 D:\\xampp\\htdocs\\oohapp\\oohapp-laravel-io\\vendor\\laravel\\framework\\src\\Illuminate\\Foundation\\Bootstrap\\BootProviders.php(17): Illuminate\\Foundation\\Application->boot()
#34 D:\\xampp\\htdocs\\oohapp\\oohapp-laravel-io\\vendor\\laravel\\framework\\src\\Illuminate\\Foundation\\Application.php(242): Illuminate\\Foundation\\Bootstrap\\BootProviders->bootstrap(Object(Illuminate\\Foundation\\Application))
#35 D:\\xampp\\htdocs\\oohapp\\oohapp-laravel-io\\vendor\\laravel\\framework\\src\\Illuminate\\Foundation\\Console\\Kernel.php(383): Illuminate\\Foundation\\Application->bootstrapWith(Array)
#36 D:\\xampp\\htdocs\\oohapp\\oohapp-laravel-io\\vendor\\laravel\\framework\\src\\Illuminate\\Foundation\\Console\\Kernel.php(153): Illuminate\\Foundation\\Console\\Kernel->bootstrap()
#37 D:\\xampp\\htdocs\\oohapp\\oohapp-laravel-io\\artisan(38): Illuminate\\Foundation\\Console\\Kernel->handle(Object(Symfony\\Component\\Console\\Input\\ArgvInput), Object(Symfony\\Component\\Console\\Output\\ConsoleOutput))
#38 {main}
"} 
