[2024-12-19 06:37:34] local.ERROR: Please provide a valid cache path. {"exception":"[object] (InvalidArgumentException(code: 0): Please provide a valid cache path. at D:\\xampp\\htdocs\\arshad\\oohapp-laravel-io\\vendor\\laravel\\framework\\src\\Illuminate\\View\\Compilers\\Compiler.php:66)
[stacktrace]
#0 D:\\xampp\\htdocs\\arshad\\oohapp-laravel-io\\vendor\\laravel\\framework\\src\\Illuminate\\View\\ViewServiceProvider.php(101): Illuminate\\View\\Compilers\\Compiler->__construct(Object(Illuminate\\Filesystem\\Filesystem), false, '', true, 'php')
#1 D:\\xampp\\htdocs\\arshad\\oohapp-laravel-io\\vendor\\laravel\\framework\\src\\Illuminate\\Container\\Container.php(885): Illuminate\\View\\ViewServiceProvider->Illuminate\\View\\{closure}(Object(Illuminate\\Foundation\\Application), Array)
#2 D:\\xampp\\htdocs\\arshad\\oohapp-laravel-io\\vendor\\laravel\\framework\\src\\Illuminate\\Container\\Container.php(770): Illuminate\\Container\\Container->build(Object(Closure))
#3 D:\\xampp\\htdocs\\arshad\\oohapp-laravel-io\\vendor\\laravel\\framework\\src\\Illuminate\\Foundation\\Application.php(858): Illuminate\\Container\\Container->resolve('blade.compiler', Array, true)
#4 D:\\xampp\\htdocs\\arshad\\oohapp-laravel-io\\vendor\\laravel\\framework\\src\\Illuminate\\Container\\Container.php(706): Illuminate\\Foundation\\Application->resolve('blade.compiler', Array)
#5 D:\\xampp\\htdocs\\arshad\\oohapp-laravel-io\\vendor\\laravel\\framework\\src\\Illuminate\\Foundation\\Application.php(843): Illuminate\\Container\\Container->make('blade.compiler', Array)
#6 D:\\xampp\\htdocs\\arshad\\oohapp-laravel-io\\vendor\\laravel\\framework\\src\\Illuminate\\Container\\Container.php(1431): Illuminate\\Foundation\\Application->make('blade.compiler')
#7 D:\\xampp\\htdocs\\arshad\\oohapp-laravel-io\\vendor\\laravel\\framework\\src\\Illuminate\\Support\\Facades\\Facade.php(222): Illuminate\\Container\\Container->offsetGet('blade.compiler')
#8 D:\\xampp\\htdocs\\arshad\\oohapp-laravel-io\\vendor\\laravel\\framework\\src\\Illuminate\\Support\\Facades\\Facade.php(193): Illuminate\\Support\\Facades\\Facade::resolveFacadeInstance('blade.compiler')
#9 D:\\xampp\\htdocs\\arshad\\oohapp-laravel-io\\vendor\\laravel\\framework\\src\\Illuminate\\Support\\Facades\\Facade.php(332): Illuminate\\Support\\Facades\\Facade::getFacadeRoot()
#10 D:\\xampp\\htdocs\\arshad\\oohapp-laravel-io\\modules\\Core\\BladeServiceProvider.php(20): Illuminate\\Support\\Facades\\Facade::__callStatic('directive', Array)
#11 D:\\xampp\\htdocs\\arshad\\oohapp-laravel-io\\vendor\\laravel\\framework\\src\\Illuminate\\Container\\BoundMethod.php(36): Modules\\Core\\BladeServiceProvider->boot()
#12 D:\\xampp\\htdocs\\arshad\\oohapp-laravel-io\\vendor\\laravel\\framework\\src\\Illuminate\\Container\\Util.php(41): Illuminate\\Container\\BoundMethod::Illuminate\\Container\\{closure}()
#13 D:\\xampp\\htdocs\\arshad\\oohapp-laravel-io\\vendor\\laravel\\framework\\src\\Illuminate\\Container\\BoundMethod.php(93): Illuminate\\Container\\Util::unwrapIfClosure(Object(Closure))
#14 D:\\xampp\\htdocs\\arshad\\oohapp-laravel-io\\vendor\\laravel\\framework\\src\\Illuminate\\Container\\BoundMethod.php(37): Illuminate\\Container\\BoundMethod::callBoundMethod(Object(Illuminate\\Foundation\\Application), Array, Object(Closure))
#15 D:\\xampp\\htdocs\\arshad\\oohapp-laravel-io\\vendor\\laravel\\framework\\src\\Illuminate\\Container\\Container.php(661): Illuminate\\Container\\BoundMethod::call(Object(Illuminate\\Foundation\\Application), Array, Array, NULL)
#16 D:\\xampp\\htdocs\\arshad\\oohapp-laravel-io\\vendor\\laravel\\framework\\src\\Illuminate\\Foundation\\Application.php(931): Illuminate\\Container\\Container->call(Array)
#17 D:\\xampp\\htdocs\\arshad\\oohapp-laravel-io\\vendor\\laravel\\framework\\src\\Illuminate\\Foundation\\Application.php(912): Illuminate\\Foundation\\Application->bootProvider(Object(Modules\\Core\\BladeServiceProvider))
#18 [internal function]: Illuminate\\Foundation\\Application->Illuminate\\Foundation\\{closure}(Object(Modules\\Core\\BladeServiceProvider), 41)
#19 D:\\xampp\\htdocs\\arshad\\oohapp-laravel-io\\vendor\\laravel\\framework\\src\\Illuminate\\Foundation\\Application.php(913): array_walk(Array, Object(Closure))
#20 D:\\xampp\\htdocs\\arshad\\oohapp-laravel-io\\vendor\\laravel\\framework\\src\\Illuminate\\Foundation\\Bootstrap\\BootProviders.php(17): Illuminate\\Foundation\\Application->boot()
#21 D:\\xampp\\htdocs\\arshad\\oohapp-laravel-io\\vendor\\laravel\\framework\\src\\Illuminate\\Foundation\\Application.php(242): Illuminate\\Foundation\\Bootstrap\\BootProviders->bootstrap(Object(Illuminate\\Foundation\\Application))
#22 D:\\xampp\\htdocs\\arshad\\oohapp-laravel-io\\vendor\\laravel\\framework\\src\\Illuminate\\Foundation\\Console\\Kernel.php(383): Illuminate\\Foundation\\Application->bootstrapWith(Array)
#23 D:\\xampp\\htdocs\\arshad\\oohapp-laravel-io\\vendor\\laravel\\framework\\src\\Illuminate\\Foundation\\Console\\Kernel.php(153): Illuminate\\Foundation\\Console\\Kernel->bootstrap()
#24 D:\\xampp\\htdocs\\arshad\\oohapp-laravel-io\\artisan(40): Illuminate\\Foundation\\Console\\Kernel->handle(Object(Symfony\\Component\\Console\\Input\\ArgvInput), Object(Symfony\\Component\\Console\\Output\\ConsoleOutput))
#25 {main}
"} 
